2023-03-10 08:42:50,726 INFO  [WrapperJarAppMain] Jetty9Server:193 - Configuring Jetty using /go-working-dir/config/jetty.xml
2023-03-10 08:42:50,845 WARN  [WrapperJarAppMain] Server:357 - ErrorPageMapper not supported for Server level Error Handling
2023-03-10 08:42:50,974 WARN  [WrapperJarAppMain] AbstractHandler:96 - No Server set for ResourceHandler@65723aa0{STOPPED}
2023-03-10 08:42:59,160 WARN  [WrapperJarAppMain] ConnectionManager:117 - The file config/db.properties specified by `go.db.config` does not exist.
2023-03-10 08:43:00,388 INFO  [WrapperJarAppMain] DatabaseMigrator:40 - Upgrading database, this might take a while depending on the size of the database.
2023-03-10 08:43:00,391 INFO  [WrapperJarAppMain] DatabaseMigrator:49 - ************************************************************************
2023-03-10 08:43:00,394 INFO  [WrapperJarAppMain] DatabaseMigrator:49 - WARNING: Shutting down your server at this point will lead to a database corruption. Please wait until the database upgrade completes.
2023-03-10 08:43:00,397 INFO  [WrapperJarAppMain] DatabaseMigrator:49 - ************************************************************************
2023-03-10 08:43:02,521 INFO  [WrapperJarAppMain] DatabaseMigrator:57 - Database upgrade completed successfully.
2023-03-10 08:43:02,526 INFO  [WrapperJarAppMain] DataMigrationRunner:34 - Running data migrations...
2023-03-10 08:43:02,595 INFO  [WrapperJarAppMain] DataMigrationRunner:49 - Data migration took 4 ms
2023-03-10 08:43:02,601 INFO  [WrapperJarAppMain] DataMigrationRunner:49 - Data migration took 0 ms
2023-03-10 08:43:02,602 INFO  [WrapperJarAppMain] DataMigrationRunner:39 - Data migrations completed.
2023-03-10 08:43:03,481 WARN  [WrapperJarAppMain] ConfigurationFactory:136 - No configuration found. Configuring ehcache from ehcache-failsafe.xml  found in the classpath: jar:file:/go-working-dir/work/jetty-0_0_0_0-8153-cruise_war-_go-any-/webapp/WEB-INF/lib/ehcache-2.10.9.2.jar!/ehcache-failsafe.xml
2023-03-10 08:43:03,586 WARN  [WrapperJarAppMain] EhCacheProvider:93 - Could not find configuration [com.thoughtworks.go.domain.AccessToken]; using defaults.
2023-03-10 08:43:03,647 WARN  [WrapperJarAppMain] EhCacheProvider:93 - Could not find configuration [com.thoughtworks.go.domain.NotificationFilter]; using defaults.
2023-03-10 08:43:03,758 WARN  [WrapperJarAppMain] EhCacheProvider:93 - Could not find configuration [com.thoughtworks.go.domain.User]; using defaults.
2023-03-10 08:43:03,787 WARN  [WrapperJarAppMain] EhCacheProvider:93 - Could not find configuration [com.thoughtworks.go.domain.Plugin]; using defaults.
2023-03-10 08:43:03,808 WARN  [WrapperJarAppMain] EhCacheProvider:93 - Could not find configuration [com.thoughtworks.go.domain.EnvironmentVariable]; using defaults.
2023-03-10 08:43:03,874 WARN  [WrapperJarAppMain] EhCacheProvider:93 - Could not find configuration [com.thoughtworks.go.domain.User.notificationFilters]; using defaults.
2023-03-10 08:43:03,959 WARN  [WrapperJarAppMain] EhCacheProvider:93 - Could not find configuration [org.hibernate.cache.UpdateTimestampsCache]; using defaults.
2023-03-10 08:43:03,974 WARN  [WrapperJarAppMain] EhCacheProvider:93 - Could not find configuration [org.hibernate.cache.StandardQueryCache]; using defaults.
2023-03-10 08:43:06,678 INFO  [WrapperJarAppMain] ConnectionManager:98 - Done loading query extensions, found com.thoughtworks.go.server.database.h2.H2QueryExtensions@7a38fcb3
2023-03-10 08:43:11,839 INFO  [WrapperJarAppMain] GoConfigMigration:94 - Upgrading config file from version 139 to version 139
2023-03-10 08:43:11,885 INFO  [WrapperJarAppMain] GoConfigMigration:102 - Finished upgrading config file
2023-03-10 08:43:11,887 INFO  [WrapperJarAppMain] GoConfigMigrator:106 - [Config Save] Starting Config Save post upgrade using FullConfigSaveNormalFlow
2023-03-10 08:43:12,084 INFO  [Thread-79] DefaultPluginJarChangeListener:67 - Plugin load starting: /go-working-dir/plugins/bundled/gocd-ldap-authentication-plugin.jar
2023-03-10 08:43:12,243 INFO  [WrapperJarAppMain] CachedGoConfig:223 - About to notify config listeners
2023-03-10 08:43:12,246 INFO  [WrapperJarAppMain] CachedGoConfig:231 - Finished notifying all listeners
2023-03-10 08:43:12,535 INFO  [WrapperJarAppMain] BuildAssignmentService:250 - [Configuration Changed] Removing jobs for pipelines that no longer exist in configuration.
2023-03-10 08:43:12,570 INFO  [WrapperJarAppMain] InvalidateAuthenticationOnSecurityConfigChangeFilter:78 - [Configuration Changed] Security Configuration is changed. Updating the last changed time.
2023-03-10 08:43:12,595 INFO  [WrapperJarAppMain] PipelineRepository:78 - Start updating pipeline timeline
2023-03-10 08:43:12,648 INFO  [WrapperJarAppMain] PipelineRepository:84 - Pipeline timeline updated
2023-03-10 08:43:12,650 INFO  [WrapperJarAppMain] PipelineSqlMapDao:132 - Loading active pipelines into memory.
2023-03-10 08:43:12,651 INFO  [WrapperJarAppMain] PipelineSqlMapDao:383 - Retriving Active Pipelines from Database...
2023-03-10 08:43:12,673 INFO  [Thread-82] PipelineSqlMapDao:419 - Loading pipeline history to cache...Started
2023-03-10 08:43:12,673 INFO  [Thread-81] PipelineSqlMapDao:413 - Loading Active Pipelines to cache...Started
2023-03-10 08:43:12,674 INFO  [WrapperJarAppMain] MaterialRepository:238 - Loading PMRs,Remaining 1 Pipelines (Total: 1)...
2023-03-10 08:43:12,678 INFO  [Thread-82] PipelineSqlMapDao:423 - Loading pipeline history to cache...Done
2023-03-10 08:43:12,680 INFO  [Thread-81] PipelineSqlMapDao:416 - Loading Active Pipelines to cache...Done
2023-03-10 08:43:12,721 INFO  [WrapperJarAppMain] MaterialRepository:313 - Loading modifications, Remaining 1 PMRs(Total: 1)...
2023-03-10 08:43:12,736 INFO  [WrapperJarAppMain] PipelineSqlMapDao:134 - Done loading active pipelines into memory.
2023-03-10 08:43:12,799 INFO  [WrapperJarAppMain] ConsoleActivityMonitor:78 - Found '0' building jobs. Added them with '2023-03-10T08:43:12.737Z' as the last heard time
2023-03-10 08:43:12,809 INFO  [WrapperJarAppMain] ConsoleActivityMonitor:79 - Found '0' scheduled jobs. Added them with '2023-03-10T08:43:12.737Z' as the last heard time
2023-03-10 08:43:12,818 INFO  [WrapperJarAppMain] RailsAssetsService:68 - Found rails assets manifest file named .sprockets-manifest-33237067f8bbd7d7d3ed31a1f9d514b9.json 
2023-03-10 08:43:12,838 INFO  [WrapperJarAppMain] RailsAssetsService:72 - Successfully read rails assets manifest file located at /go-working-dir/work/jetty-0_0_0_0-8153-cruise_war-_go-any-/webapp/WEB-INF/rails/public/assets/.sprockets-manifest-33237067f8bbd7d7d3ed31a1f9d514b9.json
2023-03-10 08:43:13,358 WARN  [Thread-79] PluginSettingsMetadataLoader:63 - Failed to fetch plugin settings metadata for plugin cd.go.authentication.ldap. Maybe the plugin does not implement plugin settings and view?
2023-03-10 08:43:13,359 WARN  [Thread-79] PluginSettingsMetadataLoader:64 - Plugin: cd.go.authentication.ldap - Metadata load info: [{extension='authorization', configuration='null', view='null', error='The plugin sent a response that could not be understood by Go. Plugin returned with code '500' and the following response: 'This is an invalid request type :go.plugin-settings.get-configuration''}]
2023-03-10 08:43:13,360 WARN  [Thread-79] PluginSettingsMetadataLoader:65 - Not all plugins are required to implement the request above. This error may be safe to ignore.
2023-03-10 08:43:13,363 INFO  [Thread-79] DefaultPluginJarChangeListener:74 - Plugin load finished: /go-working-dir/plugins/bundled/gocd-ldap-authentication-plugin.jar
2023-03-10 08:43:13,447 INFO  [Thread-79] DefaultPluginJarChangeListener:67 - Plugin load starting: /go-working-dir/plugins/bundled/gocd-file-based-secrets-plugin.jar
2023-03-10 08:43:13,732 ERROR [Thread-79] DefaultPluginManager:136 - This is an invalid request type :go.plugin-settings.get-configuration
2023-03-10 08:43:13,734 WARN  [Thread-79] PluginSettingsMetadataLoader:63 - Failed to fetch plugin settings metadata for plugin cd.go.secrets.file-based-plugin. Maybe the plugin does not implement plugin settings and view?
2023-03-10 08:43:13,735 WARN  [Thread-79] PluginSettingsMetadataLoader:64 - Plugin: cd.go.secrets.file-based-plugin - Metadata load info: [{extension='secrets', configuration='null', view='null', error='com.thoughtworks.go.plugin.api.exceptions.UnhandledRequestTypeException: This is an invalid request type :go.plugin-settings.get-configuration'}]
2023-03-10 08:43:13,736 WARN  [Thread-79] PluginSettingsMetadataLoader:65 - Not all plugins are required to implement the request above. This error may be safe to ignore.
2023-03-10 08:43:13,811 INFO  [Thread-79] DefaultPluginJarChangeListener:74 - Plugin load finished: /go-working-dir/plugins/bundled/gocd-file-based-secrets-plugin.jar
2023-03-10 08:43:13,889 INFO  [Thread-79] DefaultPluginJarChangeListener:67 - Plugin load starting: /go-working-dir/plugins/bundled/gocd-json-config-plugin.jar
2023-03-10 08:43:15,288 INFO  [Thread-79] ConfigRepositoryInitializer:108 - [Config Repository Initializer] Start initializing the config repositories for plugin 'json.config.plugin' 
2023-03-10 08:43:15,291 INFO  [Thread-79] ConfigRepositoryInitializer:112 - [Config Repository Initializer] Done initializing the config repositories for plugin 'json.config.plugin' 
2023-03-10 08:43:15,324 INFO  [Thread-79] DefaultPluginJarChangeListener:74 - Plugin load finished: /go-working-dir/plugins/bundled/gocd-json-config-plugin.jar
2023-03-10 08:43:15,421 INFO  [Thread-79] DefaultPluginJarChangeListener:67 - Plugin load starting: /go-working-dir/plugins/bundled/gocd-yum-repository-poller-plugin.jar
2023-03-10 08:43:16,051 WARN  [Thread-79] PluginSettingsMetadataLoader:63 - Failed to fetch plugin settings metadata for plugin yum. Maybe the plugin does not implement plugin settings and view?
2023-03-10 08:43:16,052 WARN  [Thread-79] PluginSettingsMetadataLoader:64 - Plugin: yum - Metadata load info: [{extension='package-repository', configuration='null', view='null', error='The plugin sent a response that could not be understood by Go. Plugin returned with code '400' and the following response: 'Invalid request name go.plugin-settings.get-configuration''}]
2023-03-10 08:43:16,053 WARN  [Thread-79] PluginSettingsMetadataLoader:65 - Not all plugins are required to implement the request above. This error may be safe to ignore.
2023-03-10 08:43:16,108 ERROR [Thread-79] PluginInfoBuilder:54 - Failed to fetch Plugin Settings metadata for plugin yum. Maybe the plugin does not implement plugin settings and view?
2023-03-10 08:43:16,115 INFO  [Thread-79] DefaultPluginJarChangeListener:74 - Plugin load finished: /go-working-dir/plugins/bundled/gocd-yum-repository-poller-plugin.jar
2023-03-10 08:43:16,204 INFO  [Thread-79] DefaultPluginJarChangeListener:67 - Plugin load starting: /go-working-dir/plugins/bundled/gocd-filebased-authentication-plugin.jar
2023-03-10 08:43:16,435 WARN  [Thread-79] PluginSettingsMetadataLoader:63 - Failed to fetch plugin settings metadata for plugin cd.go.authentication.passwordfile. Maybe the plugin does not implement plugin settings and view?
2023-03-10 08:43:16,437 WARN  [Thread-79] PluginSettingsMetadataLoader:64 - Plugin: cd.go.authentication.passwordfile - Metadata load info: [{extension='authorization', configuration='null', view='null', error='The plugin sent a response that could not be understood by Go. Plugin returned with code '500' and the following response: 'Request go.plugin-settings.get-configuration is not supported by plugin.''}]
2023-03-10 08:43:16,440 WARN  [Thread-79] PluginSettingsMetadataLoader:65 - Not all plugins are required to implement the request above. This error may be safe to ignore.
2023-03-10 08:43:16,443 INFO  [Thread-79] DefaultPluginJarChangeListener:74 - Plugin load finished: /go-working-dir/plugins/bundled/gocd-filebased-authentication-plugin.jar
2023-03-10 08:43:16,571 INFO  [Thread-79] DefaultPluginJarChangeListener:67 - Plugin load starting: /go-working-dir/plugins/bundled/gocd-yaml-config-plugin.jar
2023-03-10 08:43:18,166 INFO  [Thread-79] ConfigRepositoryInitializer:108 - [Config Repository Initializer] Start initializing the config repositories for plugin 'yaml.config.plugin' 
2023-03-10 08:43:18,169 INFO  [Thread-79] ConfigRepositoryInitializer:112 - [Config Repository Initializer] Done initializing the config repositories for plugin 'yaml.config.plugin' 
2023-03-10 08:43:18,186 INFO  [Thread-79] DefaultPluginJarChangeListener:74 - Plugin load finished: /go-working-dir/plugins/bundled/gocd-yaml-config-plugin.jar
2023-03-10 08:43:27,938 WARN  [WrapperJarAppMain] DeprecationWarning:43 - Using @Deprecated Class com.thoughtworks.go.server.web.DefaultHeadersFilter
2023-03-10 08:43:34,201 INFO  [ThreadPoolTaskScheduler-2] GoFileConfigDataSource:263 - Config file changed at 1678437792219
2023-03-10 08:43:34,206 INFO  [ThreadPoolTaskScheduler-2] GoFileConfigDataSource:264 - Reloading config file: config/cruise-config.xml
2023-03-10 08:43:34,296 INFO  [ThreadPoolTaskScheduler-2] CachedGoConfig:223 - About to notify config listeners
2023-03-10 08:43:34,301 INFO  [ThreadPoolTaskScheduler-2] BuildAssignmentService:250 - [Configuration Changed] Removing jobs for pipelines that no longer exist in configuration.
2023-03-10 08:43:34,303 INFO  [ThreadPoolTaskScheduler-2] CachedGoConfig:231 - Finished notifying all listeners
2023-03-10 08:43:38,284 WARN  [qtp1784242807-45] FeatureToggleRepository:69 - Toggles file, /go-working-dir/config/go.feature.toggles does not exist. Saying there are no toggles.
2023-03-10 08:43:38,688 INFO  [qtp1784242807-35] ServerVersionInfoManager:71 - [Go Update Check] Starting update check at: Fri Mar 10 08:43:38 GMT 2023
2023-03-10 08:43:42,129 INFO  [qtp1784242807-39] ServerVersionInfoManager:86 - [Go Update Check] Update check done at: Fri Mar 10 08:43:42 GMT 2023, latest available version: 22.3.0-15301
2023-03-10 08:54:53,234 INFO  [WrapperJarAppMain] Jetty9Server:193 - Configuring Jetty using /go-working-dir/config/jetty.xml
2023-03-10 08:54:53,366 WARN  [WrapperJarAppMain] Server:357 - ErrorPageMapper not supported for Server level Error Handling
2023-03-10 08:54:53,525 WARN  [WrapperJarAppMain] AbstractHandler:96 - No Server set for ResourceHandler@74991ed{STOPPED}
2023-03-10 08:55:07,765 INFO  [WrapperJarAppMain] Jetty9Server:193 - Configuring Jetty using /go-working-dir/config/jetty.xml
2023-03-10 08:55:07,849 WARN  [WrapperJarAppMain] Server:357 - ErrorPageMapper not supported for Server level Error Handling
2023-03-10 08:55:08,003 WARN  [WrapperJarAppMain] AbstractHandler:96 - No Server set for ResourceHandler@74991ed{STOPPED}
2023-03-10 08:55:13,111 WARN  [WrapperJarAppMain] ConnectionManager:117 - The file config/db.properties specified by `go.db.config` does not exist.
2023-03-10 08:55:13,446 INFO  [WrapperJarAppMain] DatabaseMigrator:40 - Upgrading database, this might take a while depending on the size of the database.
2023-03-10 08:55:13,448 INFO  [WrapperJarAppMain] DatabaseMigrator:49 - ************************************************************************
2023-03-10 08:55:13,449 INFO  [WrapperJarAppMain] DatabaseMigrator:49 - WARNING: Shutting down your server at this point will lead to a database corruption. Please wait until the database upgrade completes.
2023-03-10 08:55:13,450 INFO  [WrapperJarAppMain] DatabaseMigrator:49 - ************************************************************************
2023-03-10 08:55:14,749 INFO  [WrapperJarAppMain] DatabaseMigrator:57 - Database upgrade completed successfully.
2023-03-10 08:55:14,751 INFO  [WrapperJarAppMain] DataMigrationRunner:34 - Running data migrations...
2023-03-10 08:55:14,814 INFO  [WrapperJarAppMain] DataMigrationRunner:49 - Data migration took 4 ms
2023-03-10 08:55:14,819 INFO  [WrapperJarAppMain] DataMigrationRunner:49 - Data migration took 0 ms
2023-03-10 08:55:14,822 INFO  [WrapperJarAppMain] DataMigrationRunner:39 - Data migrations completed.
2023-03-10 08:55:15,708 WARN  [WrapperJarAppMain] ConfigurationFactory:136 - No configuration found. Configuring ehcache from ehcache-failsafe.xml  found in the classpath: jar:file:/go-working-dir/work/jetty-0_0_0_0-8153-cruise_war-_go-any-/webapp/WEB-INF/lib/ehcache-2.10.9.2.jar!/ehcache-failsafe.xml
2023-03-10 08:55:15,795 WARN  [WrapperJarAppMain] EhCacheProvider:93 - Could not find configuration [com.thoughtworks.go.domain.AccessToken]; using defaults.
2023-03-10 08:55:15,832 WARN  [WrapperJarAppMain] EhCacheProvider:93 - Could not find configuration [com.thoughtworks.go.domain.NotificationFilter]; using defaults.
2023-03-10 08:55:15,917 WARN  [WrapperJarAppMain] EhCacheProvider:93 - Could not find configuration [com.thoughtworks.go.domain.User]; using defaults.
2023-03-10 08:55:15,939 WARN  [WrapperJarAppMain] EhCacheProvider:93 - Could not find configuration [com.thoughtworks.go.domain.Plugin]; using defaults.
2023-03-10 08:55:15,951 WARN  [WrapperJarAppMain] EhCacheProvider:93 - Could not find configuration [com.thoughtworks.go.domain.EnvironmentVariable]; using defaults.
2023-03-10 08:55:15,994 WARN  [WrapperJarAppMain] EhCacheProvider:93 - Could not find configuration [com.thoughtworks.go.domain.User.notificationFilters]; using defaults.
2023-03-10 08:55:16,056 WARN  [WrapperJarAppMain] EhCacheProvider:93 - Could not find configuration [org.hibernate.cache.UpdateTimestampsCache]; using defaults.
2023-03-10 08:55:16,065 WARN  [WrapperJarAppMain] EhCacheProvider:93 - Could not find configuration [org.hibernate.cache.StandardQueryCache]; using defaults.
2023-03-10 08:55:18,756 INFO  [WrapperJarAppMain] ConnectionManager:98 - Done loading query extensions, found com.thoughtworks.go.server.database.h2.H2QueryExtensions@50cf4a6a
2023-03-10 08:55:22,466 INFO  [WrapperJarAppMain] GoConfigMigration:94 - Upgrading config file from version 139 to version 139
2023-03-10 08:55:22,507 INFO  [WrapperJarAppMain] GoConfigMigration:102 - Finished upgrading config file
2023-03-10 08:55:22,508 INFO  [WrapperJarAppMain] GoConfigMigrator:106 - [Config Save] Starting Config Save post upgrade using FullConfigSaveNormalFlow
2023-03-10 08:55:22,699 INFO  [Thread-79] DefaultPluginJarChangeListener:67 - Plugin load starting: /go-working-dir/plugins/bundled/gocd-ldap-authentication-plugin.jar
2023-03-10 08:55:22,830 INFO  [WrapperJarAppMain] CachedGoConfig:223 - About to notify config listeners
2023-03-10 08:55:22,833 INFO  [WrapperJarAppMain] CachedGoConfig:231 - Finished notifying all listeners
2023-03-10 08:55:23,043 INFO  [WrapperJarAppMain] BuildAssignmentService:250 - [Configuration Changed] Removing jobs for pipelines that no longer exist in configuration.
2023-03-10 08:55:23,073 INFO  [WrapperJarAppMain] InvalidateAuthenticationOnSecurityConfigChangeFilter:78 - [Configuration Changed] Security Configuration is changed. Updating the last changed time.
2023-03-10 08:55:23,091 INFO  [WrapperJarAppMain] PipelineRepository:78 - Start updating pipeline timeline
2023-03-10 08:55:23,126 INFO  [WrapperJarAppMain] PipelineRepository:84 - Pipeline timeline updated
2023-03-10 08:55:23,128 INFO  [WrapperJarAppMain] PipelineSqlMapDao:132 - Loading active pipelines into memory.
2023-03-10 08:55:23,129 INFO  [WrapperJarAppMain] PipelineSqlMapDao:383 - Retriving Active Pipelines from Database...
2023-03-10 08:55:23,149 INFO  [Thread-81] PipelineSqlMapDao:413 - Loading Active Pipelines to cache...Started
2023-03-10 08:55:23,148 INFO  [Thread-82] PipelineSqlMapDao:419 - Loading pipeline history to cache...Started
2023-03-10 08:55:23,149 INFO  [WrapperJarAppMain] MaterialRepository:238 - Loading PMRs,Remaining 1 Pipelines (Total: 1)...
2023-03-10 08:55:23,152 INFO  [Thread-81] PipelineSqlMapDao:416 - Loading Active Pipelines to cache...Done
2023-03-10 08:55:23,153 INFO  [Thread-82] PipelineSqlMapDao:423 - Loading pipeline history to cache...Done
2023-03-10 08:55:23,180 INFO  [WrapperJarAppMain] MaterialRepository:313 - Loading modifications, Remaining 1 PMRs(Total: 1)...
2023-03-10 08:55:23,191 INFO  [WrapperJarAppMain] PipelineSqlMapDao:134 - Done loading active pipelines into memory.
2023-03-10 08:55:23,225 INFO  [WrapperJarAppMain] ConsoleActivityMonitor:78 - Found '0' building jobs. Added them with '2023-03-10T08:55:23.192Z' as the last heard time
2023-03-10 08:55:23,233 INFO  [WrapperJarAppMain] ConsoleActivityMonitor:79 - Found '0' scheduled jobs. Added them with '2023-03-10T08:55:23.192Z' as the last heard time
2023-03-10 08:55:23,240 INFO  [WrapperJarAppMain] RailsAssetsService:68 - Found rails assets manifest file named .sprockets-manifest-33237067f8bbd7d7d3ed31a1f9d514b9.json 
2023-03-10 08:55:23,258 INFO  [WrapperJarAppMain] RailsAssetsService:72 - Successfully read rails assets manifest file located at /go-working-dir/work/jetty-0_0_0_0-8153-cruise_war-_go-any-/webapp/WEB-INF/rails/public/assets/.sprockets-manifest-33237067f8bbd7d7d3ed31a1f9d514b9.json
2023-03-10 08:55:23,861 WARN  [Thread-79] PluginSettingsMetadataLoader:63 - Failed to fetch plugin settings metadata for plugin cd.go.authentication.ldap. Maybe the plugin does not implement plugin settings and view?
2023-03-10 08:55:23,863 WARN  [Thread-79] PluginSettingsMetadataLoader:64 - Plugin: cd.go.authentication.ldap - Metadata load info: [{extension='authorization', configuration='null', view='null', error='The plugin sent a response that could not be understood by Go. Plugin returned with code '500' and the following response: 'This is an invalid request type :go.plugin-settings.get-configuration''}]
2023-03-10 08:55:23,866 WARN  [Thread-79] PluginSettingsMetadataLoader:65 - Not all plugins are required to implement the request above. This error may be safe to ignore.
2023-03-10 08:55:23,868 INFO  [Thread-79] DefaultPluginJarChangeListener:74 - Plugin load finished: /go-working-dir/plugins/bundled/gocd-ldap-authentication-plugin.jar
2023-03-10 08:55:23,937 INFO  [Thread-79] DefaultPluginJarChangeListener:67 - Plugin load starting: /go-working-dir/plugins/bundled/gocd-file-based-secrets-plugin.jar
2023-03-10 08:55:24,228 ERROR [Thread-79] DefaultPluginManager:136 - This is an invalid request type :go.plugin-settings.get-configuration
2023-03-10 08:55:24,230 WARN  [Thread-79] PluginSettingsMetadataLoader:63 - Failed to fetch plugin settings metadata for plugin cd.go.secrets.file-based-plugin. Maybe the plugin does not implement plugin settings and view?
2023-03-10 08:55:24,230 WARN  [Thread-79] PluginSettingsMetadataLoader:64 - Plugin: cd.go.secrets.file-based-plugin - Metadata load info: [{extension='secrets', configuration='null', view='null', error='com.thoughtworks.go.plugin.api.exceptions.UnhandledRequestTypeException: This is an invalid request type :go.plugin-settings.get-configuration'}]
2023-03-10 08:55:24,231 WARN  [Thread-79] PluginSettingsMetadataLoader:65 - Not all plugins are required to implement the request above. This error may be safe to ignore.
2023-03-10 08:55:24,296 INFO  [Thread-79] DefaultPluginJarChangeListener:74 - Plugin load finished: /go-working-dir/plugins/bundled/gocd-file-based-secrets-plugin.jar
2023-03-10 08:55:24,383 INFO  [Thread-79] DefaultPluginJarChangeListener:67 - Plugin load starting: /go-working-dir/plugins/bundled/gocd-json-config-plugin.jar
2023-03-10 08:55:25,876 INFO  [Thread-79] ConfigRepositoryInitializer:108 - [Config Repository Initializer] Start initializing the config repositories for plugin 'json.config.plugin' 
2023-03-10 08:55:25,878 INFO  [Thread-79] ConfigRepositoryInitializer:112 - [Config Repository Initializer] Done initializing the config repositories for plugin 'json.config.plugin' 
2023-03-10 08:55:25,910 INFO  [Thread-79] DefaultPluginJarChangeListener:74 - Plugin load finished: /go-working-dir/plugins/bundled/gocd-json-config-plugin.jar
2023-03-10 08:55:25,971 INFO  [Thread-79] DefaultPluginJarChangeListener:67 - Plugin load starting: /go-working-dir/plugins/bundled/gocd-yum-repository-poller-plugin.jar
2023-03-10 08:55:26,570 WARN  [Thread-79] PluginSettingsMetadataLoader:63 - Failed to fetch plugin settings metadata for plugin yum. Maybe the plugin does not implement plugin settings and view?
2023-03-10 08:55:26,571 WARN  [Thread-79] PluginSettingsMetadataLoader:64 - Plugin: yum - Metadata load info: [{extension='package-repository', configuration='null', view='null', error='The plugin sent a response that could not be understood by Go. Plugin returned with code '400' and the following response: 'Invalid request name go.plugin-settings.get-configuration''}]
2023-03-10 08:55:26,572 WARN  [Thread-79] PluginSettingsMetadataLoader:65 - Not all plugins are required to implement the request above. This error may be safe to ignore.
2023-03-10 08:55:26,627 ERROR [Thread-79] PluginInfoBuilder:54 - Failed to fetch Plugin Settings metadata for plugin yum. Maybe the plugin does not implement plugin settings and view?
2023-03-10 08:55:26,636 INFO  [Thread-79] DefaultPluginJarChangeListener:74 - Plugin load finished: /go-working-dir/plugins/bundled/gocd-yum-repository-poller-plugin.jar
2023-03-10 08:55:26,709 INFO  [Thread-79] DefaultPluginJarChangeListener:67 - Plugin load starting: /go-working-dir/plugins/bundled/gocd-filebased-authentication-plugin.jar
2023-03-10 08:55:26,955 WARN  [Thread-79] PluginSettingsMetadataLoader:63 - Failed to fetch plugin settings metadata for plugin cd.go.authentication.passwordfile. Maybe the plugin does not implement plugin settings and view?
2023-03-10 08:55:26,956 WARN  [Thread-79] PluginSettingsMetadataLoader:64 - Plugin: cd.go.authentication.passwordfile - Metadata load info: [{extension='authorization', configuration='null', view='null', error='The plugin sent a response that could not be understood by Go. Plugin returned with code '500' and the following response: 'Request go.plugin-settings.get-configuration is not supported by plugin.''}]
2023-03-10 08:55:26,957 WARN  [Thread-79] PluginSettingsMetadataLoader:65 - Not all plugins are required to implement the request above. This error may be safe to ignore.
2023-03-10 08:55:26,958 INFO  [Thread-79] DefaultPluginJarChangeListener:74 - Plugin load finished: /go-working-dir/plugins/bundled/gocd-filebased-authentication-plugin.jar
2023-03-10 08:55:27,057 INFO  [Thread-79] DefaultPluginJarChangeListener:67 - Plugin load starting: /go-working-dir/plugins/bundled/gocd-yaml-config-plugin.jar
2023-03-10 08:55:28,645 INFO  [Thread-79] ConfigRepositoryInitializer:108 - [Config Repository Initializer] Start initializing the config repositories for plugin 'yaml.config.plugin' 
2023-03-10 08:55:28,648 INFO  [Thread-79] ConfigRepositoryInitializer:112 - [Config Repository Initializer] Done initializing the config repositories for plugin 'yaml.config.plugin' 
2023-03-10 08:55:28,667 INFO  [Thread-79] DefaultPluginJarChangeListener:74 - Plugin load finished: /go-working-dir/plugins/bundled/gocd-yaml-config-plugin.jar
2023-03-10 08:55:28,807 INFO  [Thread-79] DefaultPluginJarChangeListener:67 - Plugin load starting: /go-working-dir/plugins/external/yaml-config-plugin-0.13.0.jar
2023-03-10 08:55:28,809 INFO  [Thread-79] DefaultPluginJarChangeListener:74 - Plugin load finished: /go-working-dir/plugins/external/yaml-config-plugin-0.13.0.jar
2023-03-10 08:55:28,810 WARN  [Thread-79] DefaultPluginJarLocationMonitor:260 - Plugin listener failed
java.lang.RuntimeException: Found bundled plugin with ID: [yaml.config.plugin], external plugin could not be loaded
	at com.thoughtworks.go.plugin.infra.listeners.DefaultPluginJarChangeListener.validateIfExternalPluginRemovingBundledPlugin(DefaultPluginJarChangeListener.java:139)
	at com.thoughtworks.go.plugin.infra.listeners.DefaultPluginJarChangeListener.pluginJarAdded(DefaultPluginJarChangeListener.java:69)
	at com.thoughtworks.go.plugin.infra.monitor.DefaultPluginJarLocationMonitor$PluginLocationMonitorThread$DoOnAllListeners.lambda$pluginJarAdded$0(DefaultPluginJarLocationMonitor.java:237)
	at com.thoughtworks.go.plugin.infra.monitor.DefaultPluginJarLocationMonitor$PluginLocationMonitorThread$DoOnAllListeners.doOnAllPluginJarChangeListener(DefaultPluginJarLocationMonitor.java:258)
	at com.thoughtworks.go.plugin.infra.monitor.DefaultPluginJarLocationMonitor$PluginLocationMonitorThread$DoOnAllListeners.pluginJarAdded(DefaultPluginJarLocationMonitor.java:237)
	at com.thoughtworks.go.plugin.infra.monitor.PluginChangeNotifier.lambda$notify$0(PluginChangeNotifier.java:33)
	at java.base/java.lang.Iterable.forEach(Unknown Source)
	at com.thoughtworks.go.plugin.infra.monitor.PluginChangeNotifier.notify(PluginChangeNotifier.java:30)
	at com.thoughtworks.go.plugin.infra.monitor.DefaultPluginJarLocationMonitor$PluginLocationMonitorThread.loadAndNotifyPluginsFrom(DefaultPluginJarLocationMonitor.java:204)
	at com.thoughtworks.go.plugin.infra.monitor.DefaultPluginJarLocationMonitor$PluginLocationMonitorThread.oneShot(DefaultPluginJarLocationMonitor.java:192)
	at com.thoughtworks.go.plugin.infra.monitor.DefaultPluginJarLocationMonitor$PluginLocationMonitorThread.run(DefaultPluginJarLocationMonitor.java:177)
2023-03-10 08:55:37,911 WARN  [WrapperJarAppMain] DeprecationWarning:43 - Using @Deprecated Class com.thoughtworks.go.server.web.DefaultHeadersFilter
2023-03-10 08:55:44,124 INFO  [ThreadPoolTaskScheduler-2] GoFileConfigDataSource:263 - Config file changed at 1678438522807
2023-03-10 08:55:44,128 INFO  [ThreadPoolTaskScheduler-2] GoFileConfigDataSource:264 - Reloading config file: config/cruise-config.xml
2023-03-10 08:55:44,249 INFO  [ThreadPoolTaskScheduler-2] CachedGoConfig:223 - About to notify config listeners
2023-03-10 08:55:44,253 INFO  [ThreadPoolTaskScheduler-2] BuildAssignmentService:250 - [Configuration Changed] Removing jobs for pipelines that no longer exist in configuration.
2023-03-10 08:55:44,254 INFO  [ThreadPoolTaskScheduler-2] CachedGoConfig:231 - Finished notifying all listeners
2023-03-10 08:56:23,953 WARN  [qtp1784242807-44] FeatureToggleRepository:69 - Toggles file, /go-working-dir/config/go.feature.toggles does not exist. Saying there are no toggles.
2023-03-10 08:56:43,915 ERROR [qtp1784242807-37] VariableReplacer:385 - function ${escape:} type 'escape:' not a valid type
2023-03-10 08:56:53,928 ERROR [qtp1784242807-34] VariableReplacer:385 - function ${escape:} type 'escape:' not a valid type
2023-03-10 09:00:17,660 ERROR [qtp1784242807-42] VariableReplacer:385 - function ${escape:} type 'escape:' not a valid type
2023-03-10 09:00:34,841 ERROR [qtp1784242807-36] VariableReplacer:385 - function ${escape:} type 'escape:' not a valid type
2023-03-10 09:01:07,192 ERROR [qtp1784242807-41] VariableReplacer:385 - function ${escape:} type 'escape:' not a valid type
2023-03-10 09:07:31,838 ERROR [qtp1784242807-33] VariableReplacer:385 - function ${escape:} type 'escape:' not a valid type
2023-03-10 09:07:36,345 ERROR [qtp1784242807-31] VariableReplacer:385 - function ${escape:} type 'escape:' not a valid type
2023-03-10 09:07:36,360 INFO  [qtp1784242807-31] GoConfigDao:88 - Config update for entity request by com.thoughtworks.go.server.domain.Username@7342f718[displayName=anonymous,username=anonymous] is in queue - com.thoughtworks.go.config.update.CreateConfigRepoCommand@4cd16a8d
2023-03-10 09:07:36,370 INFO  [qtp1784242807-31] GoConfigDao:91 - Config update for entity request by com.thoughtworks.go.server.domain.Username@7342f718[displayName=anonymous,username=anonymous] is being processed
2023-03-10 09:07:36,388 INFO  [qtp1784242807-31] GoFileConfigDataSource:491 - [Configuration Changed] Saving updated configuration.
2023-03-10 09:07:36,423 INFO  [qtp1784242807-31] MagicalGoConfigXmlWriter:85 - [Serializing Config] Generating config partial.
2023-03-10 09:07:36,491 INFO  [qtp1784242807-31] CachedGoConfig:167 - About to notify com.thoughtworks.go.config.remote.ConfigRepoConfig config listeners
2023-03-10 09:07:36,499 INFO  [qtp1784242807-31] CachedGoConfig:181 - Finished notifying com.thoughtworks.go.config.remote.ConfigRepoConfig config listeners
2023-03-10 09:07:36,501 INFO  [qtp1784242807-31] GoConfigDao:101 - Entity update for request by com.thoughtworks.go.server.domain.Username@7342f718[displayName=anonymous,username=anonymous] is completed
2023-03-10 09:07:36,521 ERROR [qtp1784242807-38] VariableReplacer:385 - function ${escape:} type 'escape:' not a valid type
2023-03-10 09:07:38,140 INFO  [137@MessageListener for MaterialUpdateListener] ScmMaterialUpdater:60 - [Material Update] Found '2' modifications for material 'GitMaterial{url=https://github.com/mehdi1-3/gocd, branch='master', shallowClone=false, submoduleFolder='null'}' with flyweight '0824dc982ad52193ccc2cc41a13fbf254bcc00012cf78af3a609470a7c9d334a' using working directory '/go-working-dir/pipelines/flyweight/77b41907-5173-463d-91f9-e8290f5fa1c0'
2023-03-10 09:07:39,830 ERROR [123@MessageListener for ConfigMaterialUpdateListener] GoConfigRepoConfigDataSource:175 - Failed to parse configuration material https://github.com/mehdi1-3/gocd by Plugin yaml.config.plugin
com.thoughtworks.go.plugin.access.configrepo.InvalidPartialConfigException: 
pipeline.gocd.yaml;
1. Failed to parse pipeline pipeline; class java.util.ArrayList cannot be cast to class java.util.Map (java.util.ArrayList and java.util.Map are in module java.base of loader 'bootstrap')

	at com.thoughtworks.go.config.ConfigRepoPlugin.parseDirectory(ConfigRepoPlugin.java:97)
	at com.thoughtworks.go.config.ConfigRepoPlugin.load(ConfigRepoPlugin.java:64)
	at com.thoughtworks.go.config.GoConfigRepoConfigDataSource.onCheckoutComplete(GoConfigRepoConfigDataSource.java:162)
	at com.thoughtworks.go.server.materials.ConfigMaterialUpdateListener.updateConfigurationFromCheckout(ConfigMaterialUpdateListener.java:99)
	at com.thoughtworks.go.server.materials.ConfigMaterialUpdateListener.onMessage(ConfigMaterialUpdateListener.java:84)
	at com.thoughtworks.go.server.materials.ConfigMaterialUpdateListener.onMessage(ConfigMaterialUpdateListener.java:36)
	at com.thoughtworks.go.server.messaging.activemq.JMSMessageListenerAdapter.runImpl(JMSMessageListenerAdapter.java:83)
	at com.thoughtworks.go.server.messaging.activemq.JMSMessageListenerAdapter.run(JMSMessageListenerAdapter.java:63)
	at java.base/java.lang.Thread.run(Unknown Source)
2023-03-10 09:07:41,891 ERROR [qtp1784242807-38] VariableReplacer:385 - function ${escape:} type 'escape:' not a valid type
2023-03-10 09:07:51,973 ERROR [qtp1784242807-38] VariableReplacer:385 - function ${escape:} type 'escape:' not a valid type
2023-03-10 09:08:02,025 ERROR [qtp1784242807-30] VariableReplacer:385 - function ${escape:} type 'escape:' not a valid type
2023-03-10 09:08:12,068 ERROR [qtp1784242807-31] VariableReplacer:385 - function ${escape:} type 'escape:' not a valid type
2023-03-10 09:08:22,117 ERROR [qtp1784242807-44] VariableReplacer:385 - function ${escape:} type 'escape:' not a valid type
2023-03-10 09:08:32,175 ERROR [qtp1784242807-38] VariableReplacer:385 - function ${escape:} type 'escape:' not a valid type
2023-03-10 09:08:42,229 ERROR [qtp1784242807-26] VariableReplacer:385 - function ${escape:} type 'escape:' not a valid type
2023-03-10 09:08:51,671 ERROR [124@MessageListener for ConfigMaterialUpdateListener] GoConfigRepoConfigDataSource:175 - Failed to parse configuration material https://github.com/mehdi1-3/gocd by Plugin yaml.config.plugin
com.thoughtworks.go.plugin.access.configrepo.InvalidPartialConfigException: 
pipeline.gocd.yaml;
1. Failed to parse pipeline pipeline; class java.util.ArrayList cannot be cast to class java.util.Map (java.util.ArrayList and java.util.Map are in module java.base of loader 'bootstrap')

	at com.thoughtworks.go.config.ConfigRepoPlugin.parseDirectory(ConfigRepoPlugin.java:97)
	at com.thoughtworks.go.config.ConfigRepoPlugin.load(ConfigRepoPlugin.java:64)
	at com.thoughtworks.go.config.GoConfigRepoConfigDataSource.onCheckoutComplete(GoConfigRepoConfigDataSource.java:162)
	at com.thoughtworks.go.server.materials.ConfigMaterialUpdateListener.updateConfigurationFromCheckout(ConfigMaterialUpdateListener.java:99)
	at com.thoughtworks.go.server.materials.ConfigMaterialUpdateListener.onMessage(ConfigMaterialUpdateListener.java:84)
	at com.thoughtworks.go.server.materials.ConfigMaterialUpdateListener.onMessage(ConfigMaterialUpdateListener.java:36)
	at com.thoughtworks.go.server.messaging.activemq.JMSMessageListenerAdapter.runImpl(JMSMessageListenerAdapter.java:83)
	at com.thoughtworks.go.server.messaging.activemq.JMSMessageListenerAdapter.run(JMSMessageListenerAdapter.java:63)
	at java.base/java.lang.Thread.run(Unknown Source)
2023-03-10 09:08:52,278 ERROR [qtp1784242807-30] VariableReplacer:385 - function ${escape:} type 'escape:' not a valid type
2023-03-10 09:09:02,327 ERROR [qtp1784242807-44] VariableReplacer:385 - function ${escape:} type 'escape:' not a valid type
2023-03-10 09:09:12,371 ERROR [qtp1784242807-31] VariableReplacer:385 - function ${escape:} type 'escape:' not a valid type
2023-03-10 09:09:22,427 ERROR [qtp1784242807-40] VariableReplacer:385 - function ${escape:} type 'escape:' not a valid type
2023-03-10 09:09:32,468 ERROR [qtp1784242807-31] VariableReplacer:385 - function ${escape:} type 'escape:' not a valid type
2023-03-10 09:09:42,520 ERROR [qtp1784242807-44] VariableReplacer:385 - function ${escape:} type 'escape:' not a valid type
2023-03-10 09:09:52,582 ERROR [qtp1784242807-31] VariableReplacer:385 - function ${escape:} type 'escape:' not a valid type
2023-03-10 09:10:02,630 ERROR [qtp1784242807-40] VariableReplacer:385 - function ${escape:} type 'escape:' not a valid type
2023-03-10 09:10:12,683 ERROR [qtp1784242807-30] VariableReplacer:385 - function ${escape:} type 'escape:' not a valid type
2023-03-10 09:10:21,650 ERROR [123@MessageListener for ConfigMaterialUpdateListener] GoConfigRepoConfigDataSource:175 - Failed to parse configuration material https://github.com/mehdi1-3/gocd by Plugin yaml.config.plugin
com.thoughtworks.go.plugin.access.configrepo.InvalidPartialConfigException: 
pipeline.gocd.yaml;
1. Failed to parse pipeline pipeline; class java.util.ArrayList cannot be cast to class java.util.Map (java.util.ArrayList and java.util.Map are in module java.base of loader 'bootstrap')

	at com.thoughtworks.go.config.ConfigRepoPlugin.parseDirectory(ConfigRepoPlugin.java:97)
	at com.thoughtworks.go.config.ConfigRepoPlugin.load(ConfigRepoPlugin.java:64)
	at com.thoughtworks.go.config.GoConfigRepoConfigDataSource.onCheckoutComplete(GoConfigRepoConfigDataSource.java:162)
	at com.thoughtworks.go.server.materials.ConfigMaterialUpdateListener.updateConfigurationFromCheckout(ConfigMaterialUpdateListener.java:99)
	at com.thoughtworks.go.server.materials.ConfigMaterialUpdateListener.onMessage(ConfigMaterialUpdateListener.java:84)
	at com.thoughtworks.go.server.materials.ConfigMaterialUpdateListener.onMessage(ConfigMaterialUpdateListener.java:36)
	at com.thoughtworks.go.server.messaging.activemq.JMSMessageListenerAdapter.runImpl(JMSMessageListenerAdapter.java:83)
	at com.thoughtworks.go.server.messaging.activemq.JMSMessageListenerAdapter.run(JMSMessageListenerAdapter.java:63)
	at java.base/java.lang.Thread.run(Unknown Source)
2023-03-10 09:10:22,730 ERROR [qtp1784242807-44] VariableReplacer:385 - function ${escape:} type 'escape:' not a valid type
2023-03-10 09:10:32,780 ERROR [qtp1784242807-31] VariableReplacer:385 - function ${escape:} type 'escape:' not a valid type
2023-03-10 09:10:42,829 ERROR [qtp1784242807-44] VariableReplacer:385 - function ${escape:} type 'escape:' not a valid type
2023-03-10 09:10:52,886 ERROR [qtp1784242807-30] VariableReplacer:385 - function ${escape:} type 'escape:' not a valid type
2023-03-10 09:11:02,942 ERROR [qtp1784242807-44] VariableReplacer:385 - function ${escape:} type 'escape:' not a valid type
2023-03-10 09:11:12,999 ERROR [qtp1784242807-31] VariableReplacer:385 - function ${escape:} type 'escape:' not a valid type
2023-03-10 09:11:23,046 ERROR [qtp1784242807-40] VariableReplacer:385 - function ${escape:} type 'escape:' not a valid type
2023-03-10 09:11:33,125 ERROR [qtp1784242807-31] VariableReplacer:385 - function ${escape:} type 'escape:' not a valid type
2023-03-10 09:11:43,184 ERROR [qtp1784242807-44] VariableReplacer:385 - function ${escape:} type 'escape:' not a valid type
2023-03-10 09:11:51,367 ERROR [124@MessageListener for ConfigMaterialUpdateListener] GoConfigRepoConfigDataSource:175 - Failed to parse configuration material https://github.com/mehdi1-3/gocd by Plugin yaml.config.plugin
com.thoughtworks.go.plugin.access.configrepo.InvalidPartialConfigException: 
pipeline.gocd.yaml;
1. Failed to parse pipeline pipeline; class java.util.ArrayList cannot be cast to class java.util.Map (java.util.ArrayList and java.util.Map are in module java.base of loader 'bootstrap')

	at com.thoughtworks.go.config.ConfigRepoPlugin.parseDirectory(ConfigRepoPlugin.java:97)
	at com.thoughtworks.go.config.ConfigRepoPlugin.load(ConfigRepoPlugin.java:64)
	at com.thoughtworks.go.config.GoConfigRepoConfigDataSource.onCheckoutComplete(GoConfigRepoConfigDataSource.java:162)
	at com.thoughtworks.go.server.materials.ConfigMaterialUpdateListener.updateConfigurationFromCheckout(ConfigMaterialUpdateListener.java:99)
	at com.thoughtworks.go.server.materials.ConfigMaterialUpdateListener.onMessage(ConfigMaterialUpdateListener.java:84)
	at com.thoughtworks.go.server.materials.ConfigMaterialUpdateListener.onMessage(ConfigMaterialUpdateListener.java:36)
	at com.thoughtworks.go.server.messaging.activemq.JMSMessageListenerAdapter.runImpl(JMSMessageListenerAdapter.java:83)
	at com.thoughtworks.go.server.messaging.activemq.JMSMessageListenerAdapter.run(JMSMessageListenerAdapter.java:63)
	at java.base/java.lang.Thread.run(Unknown Source)
2023-03-10 09:11:53,243 ERROR [qtp1784242807-31] VariableReplacer:385 - function ${escape:} type 'escape:' not a valid type
2023-03-10 09:12:03,285 ERROR [qtp1784242807-40] VariableReplacer:385 - function ${escape:} type 'escape:' not a valid type
2023-03-10 09:12:13,311 ERROR [qtp1784242807-31] VariableReplacer:385 - function ${escape:} type 'escape:' not a valid type
2023-03-10 09:12:23,340 ERROR [qtp1784242807-40] VariableReplacer:385 - function ${escape:} type 'escape:' not a valid type
2023-03-10 09:12:33,380 ERROR [qtp1784242807-30] VariableReplacer:385 - function ${escape:} type 'escape:' not a valid type
2023-03-10 09:12:43,406 ERROR [qtp1784242807-40] VariableReplacer:385 - function ${escape:} type 'escape:' not a valid type
2023-03-10 09:12:53,458 ERROR [qtp1784242807-31] VariableReplacer:385 - function ${escape:} type 'escape:' not a valid type
2023-03-10 09:13:03,495 ERROR [qtp1784242807-44] VariableReplacer:385 - function ${escape:} type 'escape:' not a valid type
2023-03-10 09:13:13,534 ERROR [qtp1784242807-31] VariableReplacer:385 - function ${escape:} type 'escape:' not a valid type
2023-03-10 09:13:21,999 ERROR [123@MessageListener for ConfigMaterialUpdateListener] GoConfigRepoConfigDataSource:175 - Failed to parse configuration material https://github.com/mehdi1-3/gocd by Plugin yaml.config.plugin
com.thoughtworks.go.plugin.access.configrepo.InvalidPartialConfigException: 
pipeline.gocd.yaml;
1. Failed to parse pipeline pipeline; class java.util.ArrayList cannot be cast to class java.util.Map (java.util.ArrayList and java.util.Map are in module java.base of loader 'bootstrap')

	at com.thoughtworks.go.config.ConfigRepoPlugin.parseDirectory(ConfigRepoPlugin.java:97)
	at com.thoughtworks.go.config.ConfigRepoPlugin.load(ConfigRepoPlugin.java:64)
	at com.thoughtworks.go.config.GoConfigRepoConfigDataSource.onCheckoutComplete(GoConfigRepoConfigDataSource.java:162)
	at com.thoughtworks.go.server.materials.ConfigMaterialUpdateListener.updateConfigurationFromCheckout(ConfigMaterialUpdateListener.java:99)
	at com.thoughtworks.go.server.materials.ConfigMaterialUpdateListener.onMessage(ConfigMaterialUpdateListener.java:84)
	at com.thoughtworks.go.server.materials.ConfigMaterialUpdateListener.onMessage(ConfigMaterialUpdateListener.java:36)
	at com.thoughtworks.go.server.messaging.activemq.JMSMessageListenerAdapter.runImpl(JMSMessageListenerAdapter.java:83)
	at com.thoughtworks.go.server.messaging.activemq.JMSMessageListenerAdapter.run(JMSMessageListenerAdapter.java:63)
	at java.base/java.lang.Thread.run(Unknown Source)
2023-03-10 09:13:23,564 ERROR [qtp1784242807-40] VariableReplacer:385 - function ${escape:} type 'escape:' not a valid type
2023-03-10 09:13:33,605 ERROR [qtp1784242807-31] VariableReplacer:385 - function ${escape:} type 'escape:' not a valid type
2023-03-10 09:13:43,651 ERROR [qtp1784242807-44] VariableReplacer:385 - function ${escape:} type 'escape:' not a valid type
2023-03-10 09:13:53,699 ERROR [qtp1784242807-29] VariableReplacer:385 - function ${escape:} type 'escape:' not a valid type
2023-03-10 09:14:03,737 ERROR [qtp1784242807-30] VariableReplacer:385 - function ${escape:} type 'escape:' not a valid type
2023-03-10 09:14:13,770 ERROR [qtp1784242807-30] VariableReplacer:385 - function ${escape:} type 'escape:' not a valid type
2023-03-10 09:14:23,803 ERROR [qtp1784242807-30] VariableReplacer:385 - function ${escape:} type 'escape:' not a valid type
2023-03-10 09:14:33,832 ERROR [qtp1784242807-40] VariableReplacer:385 - function ${escape:} type 'escape:' not a valid type
2023-03-10 09:14:43,858 ERROR [qtp1784242807-40] VariableReplacer:385 - function ${escape:} type 'escape:' not a valid type
2023-03-10 09:14:51,422 ERROR [124@MessageListener for ConfigMaterialUpdateListener] GoConfigRepoConfigDataSource:175 - Failed to parse configuration material https://github.com/mehdi1-3/gocd by Plugin yaml.config.plugin
com.thoughtworks.go.plugin.access.configrepo.InvalidPartialConfigException: 
pipeline.gocd.yaml;
1. Failed to parse pipeline pipeline; class java.util.ArrayList cannot be cast to class java.util.Map (java.util.ArrayList and java.util.Map are in module java.base of loader 'bootstrap')

	at com.thoughtworks.go.config.ConfigRepoPlugin.parseDirectory(ConfigRepoPlugin.java:97)
	at com.thoughtworks.go.config.ConfigRepoPlugin.load(ConfigRepoPlugin.java:64)
	at com.thoughtworks.go.config.GoConfigRepoConfigDataSource.onCheckoutComplete(GoConfigRepoConfigDataSource.java:162)
	at com.thoughtworks.go.server.materials.ConfigMaterialUpdateListener.updateConfigurationFromCheckout(ConfigMaterialUpdateListener.java:99)
	at com.thoughtworks.go.server.materials.ConfigMaterialUpdateListener.onMessage(ConfigMaterialUpdateListener.java:84)
	at com.thoughtworks.go.server.materials.ConfigMaterialUpdateListener.onMessage(ConfigMaterialUpdateListener.java:36)
	at com.thoughtworks.go.server.messaging.activemq.JMSMessageListenerAdapter.runImpl(JMSMessageListenerAdapter.java:83)
	at com.thoughtworks.go.server.messaging.activemq.JMSMessageListenerAdapter.run(JMSMessageListenerAdapter.java:63)
	at java.base/java.lang.Thread.run(Unknown Source)
2023-03-10 09:14:53,886 ERROR [qtp1784242807-33] VariableReplacer:385 - function ${escape:} type 'escape:' not a valid type
2023-03-10 09:15:03,928 ERROR [qtp1784242807-30] VariableReplacer:385 - function ${escape:} type 'escape:' not a valid type
2023-03-10 09:15:13,964 ERROR [qtp1784242807-30] VariableReplacer:385 - function ${escape:} type 'escape:' not a valid type
2023-03-10 09:15:24,014 ERROR [qtp1784242807-30] VariableReplacer:385 - function ${escape:} type 'escape:' not a valid type
2023-03-10 09:15:34,053 ERROR [qtp1784242807-30] VariableReplacer:385 - function ${escape:} type 'escape:' not a valid type
2023-03-10 09:15:44,086 ERROR [qtp1784242807-30] VariableReplacer:385 - function ${escape:} type 'escape:' not a valid type
2023-03-10 09:15:54,111 ERROR [qtp1784242807-30] VariableReplacer:385 - function ${escape:} type 'escape:' not a valid type
2023-03-10 09:16:04,149 ERROR [qtp1784242807-39] VariableReplacer:385 - function ${escape:} type 'escape:' not a valid type
2023-03-10 09:16:14,222 ERROR [qtp1784242807-28] VariableReplacer:385 - function ${escape:} type 'escape:' not a valid type
2023-03-10 09:16:21,518 ERROR [123@MessageListener for ConfigMaterialUpdateListener] GoConfigRepoConfigDataSource:175 - Failed to parse configuration material https://github.com/mehdi1-3/gocd by Plugin yaml.config.plugin
com.thoughtworks.go.plugin.access.configrepo.InvalidPartialConfigException: 
pipeline.gocd.yaml;
1. Failed to parse pipeline pipeline; class java.util.ArrayList cannot be cast to class java.util.Map (java.util.ArrayList and java.util.Map are in module java.base of loader 'bootstrap')

	at com.thoughtworks.go.config.ConfigRepoPlugin.parseDirectory(ConfigRepoPlugin.java:97)
	at com.thoughtworks.go.config.ConfigRepoPlugin.load(ConfigRepoPlugin.java:64)
	at com.thoughtworks.go.config.GoConfigRepoConfigDataSource.onCheckoutComplete(GoConfigRepoConfigDataSource.java:162)
	at com.thoughtworks.go.server.materials.ConfigMaterialUpdateListener.updateConfigurationFromCheckout(ConfigMaterialUpdateListener.java:99)
	at com.thoughtworks.go.server.materials.ConfigMaterialUpdateListener.onMessage(ConfigMaterialUpdateListener.java:84)
	at com.thoughtworks.go.server.materials.ConfigMaterialUpdateListener.onMessage(ConfigMaterialUpdateListener.java:36)
	at com.thoughtworks.go.server.messaging.activemq.JMSMessageListenerAdapter.runImpl(JMSMessageListenerAdapter.java:83)
	at com.thoughtworks.go.server.messaging.activemq.JMSMessageListenerAdapter.run(JMSMessageListenerAdapter.java:63)
	at java.base/java.lang.Thread.run(Unknown Source)
2023-03-10 09:16:24,274 ERROR [qtp1784242807-28] VariableReplacer:385 - function ${escape:} type 'escape:' not a valid type
2023-03-10 09:16:34,322 ERROR [qtp1784242807-28] VariableReplacer:385 - function ${escape:} type 'escape:' not a valid type
2023-03-10 09:16:44,364 ERROR [qtp1784242807-28] VariableReplacer:385 - function ${escape:} type 'escape:' not a valid type
2023-03-10 09:16:54,407 ERROR [qtp1784242807-28] VariableReplacer:385 - function ${escape:} type 'escape:' not a valid type
2023-03-10 09:17:04,444 ERROR [qtp1784242807-28] VariableReplacer:385 - function ${escape:} type 'escape:' not a valid type
2023-03-10 09:17:14,493 ERROR [qtp1784242807-28] VariableReplacer:385 - function ${escape:} type 'escape:' not a valid type
2023-03-10 09:17:24,536 ERROR [qtp1784242807-28] VariableReplacer:385 - function ${escape:} type 'escape:' not a valid type
2023-03-10 09:17:34,579 ERROR [qtp1784242807-28] VariableReplacer:385 - function ${escape:} type 'escape:' not a valid type
2023-03-10 09:17:44,629 ERROR [qtp1784242807-28] VariableReplacer:385 - function ${escape:} type 'escape:' not a valid type
2023-03-10 09:17:51,339 ERROR [124@MessageListener for ConfigMaterialUpdateListener] GoConfigRepoConfigDataSource:175 - Failed to parse configuration material https://github.com/mehdi1-3/gocd by Plugin yaml.config.plugin
com.thoughtworks.go.plugin.access.configrepo.InvalidPartialConfigException: 
pipeline.gocd.yaml;
1. Failed to parse pipeline pipeline; class java.util.ArrayList cannot be cast to class java.util.Map (java.util.ArrayList and java.util.Map are in module java.base of loader 'bootstrap')

	at com.thoughtworks.go.config.ConfigRepoPlugin.parseDirectory(ConfigRepoPlugin.java:97)
	at com.thoughtworks.go.config.ConfigRepoPlugin.load(ConfigRepoPlugin.java:64)
	at com.thoughtworks.go.config.GoConfigRepoConfigDataSource.onCheckoutComplete(GoConfigRepoConfigDataSource.java:162)
	at com.thoughtworks.go.server.materials.ConfigMaterialUpdateListener.updateConfigurationFromCheckout(ConfigMaterialUpdateListener.java:99)
	at com.thoughtworks.go.server.materials.ConfigMaterialUpdateListener.onMessage(ConfigMaterialUpdateListener.java:84)
	at com.thoughtworks.go.server.materials.ConfigMaterialUpdateListener.onMessage(ConfigMaterialUpdateListener.java:36)
	at com.thoughtworks.go.server.messaging.activemq.JMSMessageListenerAdapter.runImpl(JMSMessageListenerAdapter.java:83)
	at com.thoughtworks.go.server.messaging.activemq.JMSMessageListenerAdapter.run(JMSMessageListenerAdapter.java:63)
	at java.base/java.lang.Thread.run(Unknown Source)
2023-03-10 09:17:54,679 ERROR [qtp1784242807-28] VariableReplacer:385 - function ${escape:} type 'escape:' not a valid type
2023-03-10 09:18:04,730 ERROR [qtp1784242807-28] VariableReplacer:385 - function ${escape:} type 'escape:' not a valid type
2023-03-10 09:18:14,777 ERROR [qtp1784242807-28] VariableReplacer:385 - function ${escape:} type 'escape:' not a valid type
2023-03-10 09:18:24,814 ERROR [qtp1784242807-28] VariableReplacer:385 - function ${escape:} type 'escape:' not a valid type
2023-03-10 09:18:34,860 ERROR [qtp1784242807-28] VariableReplacer:385 - function ${escape:} type 'escape:' not a valid type
2023-03-10 09:18:44,897 ERROR [qtp1784242807-28] VariableReplacer:385 - function ${escape:} type 'escape:' not a valid type
2023-03-10 09:18:54,938 ERROR [qtp1784242807-28] VariableReplacer:385 - function ${escape:} type 'escape:' not a valid type
2023-03-10 09:19:04,987 ERROR [qtp1784242807-28] VariableReplacer:385 - function ${escape:} type 'escape:' not a valid type
2023-03-10 09:19:15,021 ERROR [qtp1784242807-28] VariableReplacer:385 - function ${escape:} type 'escape:' not a valid type
2023-03-10 09:19:21,759 ERROR [123@MessageListener for ConfigMaterialUpdateListener] GoConfigRepoConfigDataSource:175 - Failed to parse configuration material https://github.com/mehdi1-3/gocd by Plugin yaml.config.plugin
com.thoughtworks.go.plugin.access.configrepo.InvalidPartialConfigException: 
pipeline.gocd.yaml;
1. Failed to parse pipeline pipeline; class java.util.ArrayList cannot be cast to class java.util.Map (java.util.ArrayList and java.util.Map are in module java.base of loader 'bootstrap')

	at com.thoughtworks.go.config.ConfigRepoPlugin.parseDirectory(ConfigRepoPlugin.java:97)
	at com.thoughtworks.go.config.ConfigRepoPlugin.load(ConfigRepoPlugin.java:64)
	at com.thoughtworks.go.config.GoConfigRepoConfigDataSource.onCheckoutComplete(GoConfigRepoConfigDataSource.java:162)
	at com.thoughtworks.go.server.materials.ConfigMaterialUpdateListener.updateConfigurationFromCheckout(ConfigMaterialUpdateListener.java:99)
	at com.thoughtworks.go.server.materials.ConfigMaterialUpdateListener.onMessage(ConfigMaterialUpdateListener.java:84)
	at com.thoughtworks.go.server.materials.ConfigMaterialUpdateListener.onMessage(ConfigMaterialUpdateListener.java:36)
	at com.thoughtworks.go.server.messaging.activemq.JMSMessageListenerAdapter.runImpl(JMSMessageListenerAdapter.java:83)
	at com.thoughtworks.go.server.messaging.activemq.JMSMessageListenerAdapter.run(JMSMessageListenerAdapter.java:63)
	at java.base/java.lang.Thread.run(Unknown Source)
2023-03-10 09:19:25,073 ERROR [qtp1784242807-30] VariableReplacer:385 - function ${escape:} type 'escape:' not a valid type
2023-03-10 09:19:35,110 ERROR [qtp1784242807-30] VariableReplacer:385 - function ${escape:} type 'escape:' not a valid type
2023-03-10 09:19:45,150 ERROR [qtp1784242807-30] VariableReplacer:385 - function ${escape:} type 'escape:' not a valid type
2023-03-10 09:19:55,189 ERROR [qtp1784242807-30] VariableReplacer:385 - function ${escape:} type 'escape:' not a valid type
2023-03-10 09:20:05,240 ERROR [qtp1784242807-30] VariableReplacer:385 - function ${escape:} type 'escape:' not a valid type
2023-03-10 09:20:15,283 ERROR [qtp1784242807-30] VariableReplacer:385 - function ${escape:} type 'escape:' not a valid type
2023-03-10 09:20:25,333 ERROR [qtp1784242807-30] VariableReplacer:385 - function ${escape:} type 'escape:' not a valid type
2023-03-10 09:20:35,378 ERROR [qtp1784242807-30] VariableReplacer:385 - function ${escape:} type 'escape:' not a valid type
2023-03-10 09:20:45,429 ERROR [qtp1784242807-30] VariableReplacer:385 - function ${escape:} type 'escape:' not a valid type
2023-03-10 09:20:51,290 ERROR [124@MessageListener for ConfigMaterialUpdateListener] GoConfigRepoConfigDataSource:175 - Failed to parse configuration material https://github.com/mehdi1-3/gocd by Plugin yaml.config.plugin
com.thoughtworks.go.plugin.access.configrepo.InvalidPartialConfigException: 
pipeline.gocd.yaml;
1. Failed to parse pipeline pipeline; class java.util.ArrayList cannot be cast to class java.util.Map (java.util.ArrayList and java.util.Map are in module java.base of loader 'bootstrap')

	at com.thoughtworks.go.config.ConfigRepoPlugin.parseDirectory(ConfigRepoPlugin.java:97)
	at com.thoughtworks.go.config.ConfigRepoPlugin.load(ConfigRepoPlugin.java:64)
	at com.thoughtworks.go.config.GoConfigRepoConfigDataSource.onCheckoutComplete(GoConfigRepoConfigDataSource.java:162)
	at com.thoughtworks.go.server.materials.ConfigMaterialUpdateListener.updateConfigurationFromCheckout(ConfigMaterialUpdateListener.java:99)
	at com.thoughtworks.go.server.materials.ConfigMaterialUpdateListener.onMessage(ConfigMaterialUpdateListener.java:84)
	at com.thoughtworks.go.server.materials.ConfigMaterialUpdateListener.onMessage(ConfigMaterialUpdateListener.java:36)
	at com.thoughtworks.go.server.messaging.activemq.JMSMessageListenerAdapter.runImpl(JMSMessageListenerAdapter.java:83)
	at com.thoughtworks.go.server.messaging.activemq.JMSMessageListenerAdapter.run(JMSMessageListenerAdapter.java:63)
	at java.base/java.lang.Thread.run(Unknown Source)
2023-03-10 09:20:55,483 ERROR [qtp1784242807-30] VariableReplacer:385 - function ${escape:} type 'escape:' not a valid type
2023-03-10 09:21:05,514 ERROR [qtp1784242807-30] VariableReplacer:385 - function ${escape:} type 'escape:' not a valid type
2023-03-10 09:21:15,563 ERROR [qtp1784242807-30] VariableReplacer:385 - function ${escape:} type 'escape:' not a valid type
2023-03-10 09:21:25,614 ERROR [qtp1784242807-30] VariableReplacer:385 - function ${escape:} type 'escape:' not a valid type
2023-03-10 09:21:35,662 ERROR [qtp1784242807-30] VariableReplacer:385 - function ${escape:} type 'escape:' not a valid type
2023-03-10 09:21:45,695 ERROR [qtp1784242807-30] VariableReplacer:385 - function ${escape:} type 'escape:' not a valid type
2023-03-10 09:21:55,756 ERROR [qtp1784242807-34] VariableReplacer:385 - function ${escape:} type 'escape:' not a valid type
2023-03-10 09:22:05,799 ERROR [qtp1784242807-34] VariableReplacer:385 - function ${escape:} type 'escape:' not a valid type
2023-03-10 09:22:15,835 ERROR [qtp1784242807-34] VariableReplacer:385 - function ${escape:} type 'escape:' not a valid type
2023-03-10 09:22:21,406 ERROR [123@MessageListener for ConfigMaterialUpdateListener] GoConfigRepoConfigDataSource:175 - Failed to parse configuration material https://github.com/mehdi1-3/gocd by Plugin yaml.config.plugin
com.thoughtworks.go.plugin.access.configrepo.InvalidPartialConfigException: 
pipeline.gocd.yaml;
1. Failed to parse pipeline pipeline; class java.util.ArrayList cannot be cast to class java.util.Map (java.util.ArrayList and java.util.Map are in module java.base of loader 'bootstrap')

	at com.thoughtworks.go.config.ConfigRepoPlugin.parseDirectory(ConfigRepoPlugin.java:97)
	at com.thoughtworks.go.config.ConfigRepoPlugin.load(ConfigRepoPlugin.java:64)
	at com.thoughtworks.go.config.GoConfigRepoConfigDataSource.onCheckoutComplete(GoConfigRepoConfigDataSource.java:162)
	at com.thoughtworks.go.server.materials.ConfigMaterialUpdateListener.updateConfigurationFromCheckout(ConfigMaterialUpdateListener.java:99)
	at com.thoughtworks.go.server.materials.ConfigMaterialUpdateListener.onMessage(ConfigMaterialUpdateListener.java:84)
	at com.thoughtworks.go.server.materials.ConfigMaterialUpdateListener.onMessage(ConfigMaterialUpdateListener.java:36)
	at com.thoughtworks.go.server.messaging.activemq.JMSMessageListenerAdapter.runImpl(JMSMessageListenerAdapter.java:83)
	at com.thoughtworks.go.server.messaging.activemq.JMSMessageListenerAdapter.run(JMSMessageListenerAdapter.java:63)
	at java.base/java.lang.Thread.run(Unknown Source)
2023-03-10 09:22:25,890 ERROR [qtp1784242807-28] VariableReplacer:385 - function ${escape:} type 'escape:' not a valid type
2023-03-10 09:22:35,939 ERROR [qtp1784242807-28] VariableReplacer:385 - function ${escape:} type 'escape:' not a valid type
2023-03-10 09:22:45,981 ERROR [qtp1784242807-28] VariableReplacer:385 - function ${escape:} type 'escape:' not a valid type
2023-03-10 09:22:56,030 ERROR [qtp1784242807-28] VariableReplacer:385 - function ${escape:} type 'escape:' not a valid type
2023-03-10 09:23:06,083 ERROR [qtp1784242807-28] VariableReplacer:385 - function ${escape:} type 'escape:' not a valid type
2023-03-10 09:23:16,130 ERROR [qtp1784242807-28] VariableReplacer:385 - function ${escape:} type 'escape:' not a valid type
2023-03-10 09:23:26,176 ERROR [qtp1784242807-28] VariableReplacer:385 - function ${escape:} type 'escape:' not a valid type
2023-03-10 09:23:36,216 ERROR [qtp1784242807-28] VariableReplacer:385 - function ${escape:} type 'escape:' not a valid type
2023-03-10 09:23:46,260 ERROR [qtp1784242807-28] VariableReplacer:385 - function ${escape:} type 'escape:' not a valid type
2023-03-10 09:23:51,637 ERROR [124@MessageListener for ConfigMaterialUpdateListener] GoConfigRepoConfigDataSource:175 - Failed to parse configuration material https://github.com/mehdi1-3/gocd by Plugin yaml.config.plugin
com.thoughtworks.go.plugin.access.configrepo.InvalidPartialConfigException: 
pipeline.gocd.yaml;
1. Failed to parse pipeline pipeline; class java.util.ArrayList cannot be cast to class java.util.Map (java.util.ArrayList and java.util.Map are in module java.base of loader 'bootstrap')

	at com.thoughtworks.go.config.ConfigRepoPlugin.parseDirectory(ConfigRepoPlugin.java:97)
	at com.thoughtworks.go.config.ConfigRepoPlugin.load(ConfigRepoPlugin.java:64)
	at com.thoughtworks.go.config.GoConfigRepoConfigDataSource.onCheckoutComplete(GoConfigRepoConfigDataSource.java:162)
	at com.thoughtworks.go.server.materials.ConfigMaterialUpdateListener.updateConfigurationFromCheckout(ConfigMaterialUpdateListener.java:99)
	at com.thoughtworks.go.server.materials.ConfigMaterialUpdateListener.onMessage(ConfigMaterialUpdateListener.java:84)
	at com.thoughtworks.go.server.materials.ConfigMaterialUpdateListener.onMessage(ConfigMaterialUpdateListener.java:36)
	at com.thoughtworks.go.server.messaging.activemq.JMSMessageListenerAdapter.runImpl(JMSMessageListenerAdapter.java:83)
	at com.thoughtworks.go.server.messaging.activemq.JMSMessageListenerAdapter.run(JMSMessageListenerAdapter.java:63)
	at java.base/java.lang.Thread.run(Unknown Source)
2023-03-10 09:23:56,309 ERROR [qtp1784242807-28] VariableReplacer:385 - function ${escape:} type 'escape:' not a valid type
2023-03-10 09:42:36,037 ERROR [qtp1784242807-36] VariableReplacer:385 - function ${escape:} type 'escape:' not a valid type
2023-03-10 09:42:44,479 WARN  [123@MessageListener for ConfigMaterialUpdateListener] ConfigMaterialUpdateListener:66 - [Config Material Update] Cannot update configuration part because material update has failed. Reason: Working directory: pipelines/flyweight/77b41907-5173-463d-91f9-e8290f5fa1c0
STDERR: fatal: unable to access 'https://github.com/mehdi1-3/gocd/': Could not resolve host: github.com. Cause: git fetch failed for [https://github.com/mehdi1-3/gocd]
2023-03-10 09:42:48,114 ERROR [qtp1784242807-45] VariableReplacer:385 - function ${escape:} type 'escape:' not a valid type
2023-03-10 09:42:58,118 ERROR [qtp1784242807-30] VariableReplacer:385 - function ${escape:} type 'escape:' not a valid type
2023-03-10 09:43:08,135 ERROR [qtp1784242807-45] VariableReplacer:385 - function ${escape:} type 'escape:' not a valid type
2023-03-10 09:48:07,918 ERROR [qtp1784242807-34] VariableReplacer:385 - function ${escape:} type 'escape:' not a valid type
2023-03-10 09:48:14,425 WARN  [ThreadPoolTaskScheduler-1] MaterialUpdateService:204 - [Material Update] Skipping update of material GitMaterial{url=https://github.com/mehdi1-3/gocd, branch='master', shallowClone=false, submoduleFolder='null'} which has been in-progress since Fri Mar 10 09:48:09 GMT 2023
2023-03-10 09:48:15,831 INFO  [138@MessageListener for MaterialUpdateListener] ScmMaterialUpdater:60 - [Material Update] Found '1' modifications for material 'GitMaterial{url=https://github.com/mehdi1-3/gocd, branch='master', shallowClone=false, submoduleFolder='null'}' with flyweight '0824dc982ad52193ccc2cc41a13fbf254bcc00012cf78af3a609470a7c9d334a' using working directory '/go-working-dir/pipelines/flyweight/77b41907-5173-463d-91f9-e8290f5fa1c0'
2023-03-10 09:48:17,039 INFO  [124@MessageListener for ConfigMaterialUpdateListener] GoConfigDao:108 - Config update request by anonymous is in queue - com.thoughtworks.go.config.update.PartialConfigUpdateCommand@360555f7
2023-03-10 09:48:17,042 INFO  [124@MessageListener for ConfigMaterialUpdateListener] GoConfigDao:111 - Config update request com.thoughtworks.go.config.update.PartialConfigUpdateCommand@360555f7 by anonymous is being processed
2023-03-10 09:48:17,079 WARN  [124@MessageListener for ConfigMaterialUpdateListener] GoFileConfigDataSource:349 - Merged config update operation failed on LATEST 1 partials. Falling back to using LAST VALID 0 partials. Exception message was: Number of errors: 1+
I. Rule Validation Errors: 
	1. Not allowed to refer to pipeline group 'ops'. Check the 'Rules' of this config repository.;; 

II. Config Validation Errors: 

com.thoughtworks.go.config.exceptions.GoConfigInvalidMergeException: Number of errors: 1+
I. Rule Validation Errors: 
	1. Not allowed to refer to pipeline group 'ops'. Check the 'Rules' of this config repository.;; 

II. Config Validation Errors: 

	at com.thoughtworks.go.config.MagicalGoConfigXmlLoader.validateCruiseConfig(MagicalGoConfigXmlLoader.java:137)
	at com.thoughtworks.go.config.MagicalGoConfigXmlLoader.preprocessAndValidate(MagicalGoConfigXmlLoader.java:124)
	at com.thoughtworks.go.config.MagicalGoConfigXmlWriter.write(MagicalGoConfigXmlWriter.java:76)
	at com.thoughtworks.go.config.GoFileConfigDataSource.configAsXml(GoFileConfigDataSource.java:408)
	at com.thoughtworks.go.config.GoFileConfigDataSource.getUnmergedConfig(GoFileConfigDataSource.java:600)
	at com.thoughtworks.go.config.GoFileConfigDataSource.trySavingConfig(GoFileConfigDataSource.java:584)
	at com.thoughtworks.go.config.GoFileConfigDataSource.writeWithLock(GoFileConfigDataSource.java:343)
	at com.thoughtworks.go.config.CachedGoConfig.writeWithLock(CachedGoConfig.java:154)
	at com.thoughtworks.go.config.GoConfigDao.updateConfig(GoConfigDao.java:118)
	at com.thoughtworks.go.server.service.GoConfigService.updateConfig(GoConfigService.java:283)
	at com.thoughtworks.go.config.PartialConfigService.updateConfig(PartialConfigService.java:159)
	at com.thoughtworks.go.config.PartialConfigService.onSuccessPartialConfig(PartialConfigService.java:87)
	at com.thoughtworks.go.config.GoConfigRepoConfigDataSource.notifySuccessListeners(GoConfigRepoConfigDataSource.java:209)
	at com.thoughtworks.go.config.GoConfigRepoConfigDataSource.onCheckoutComplete(GoConfigRepoConfigDataSource.java:172)
	at com.thoughtworks.go.server.materials.ConfigMaterialUpdateListener.updateConfigurationFromCheckout(ConfigMaterialUpdateListener.java:99)
	at com.thoughtworks.go.server.materials.ConfigMaterialUpdateListener.onMessage(ConfigMaterialUpdateListener.java:84)
	at com.thoughtworks.go.server.materials.ConfigMaterialUpdateListener.onMessage(ConfigMaterialUpdateListener.java:36)
	at com.thoughtworks.go.server.messaging.activemq.JMSMessageListenerAdapter.runImpl(JMSMessageListenerAdapter.java:83)
	at com.thoughtworks.go.server.messaging.activemq.JMSMessageListenerAdapter.run(JMSMessageListenerAdapter.java:63)
	at java.base/java.lang.Thread.run(Unknown Source)
2023-03-10 09:48:17,095 WARN  [124@MessageListener for ConfigMaterialUpdateListener] GoFileConfigDataSource:355 - Merged config update operation failed using fallback LAST VALID 1 partials. Exception message was: Number of errors: 1+
I. Rule Validation Errors: 
	1. Not allowed to refer to pipeline group 'ops'. Check the 'Rules' of this config repository.;; 

II. Config Validation Errors: 

com.thoughtworks.go.config.exceptions.GoConfigInvalidMergeException: Number of errors: 1+
I. Rule Validation Errors: 
	1. Not allowed to refer to pipeline group 'ops'. Check the 'Rules' of this config repository.;; 

II. Config Validation Errors: 

	at com.thoughtworks.go.config.MagicalGoConfigXmlLoader.validateCruiseConfig(MagicalGoConfigXmlLoader.java:137)
	at com.thoughtworks.go.config.MagicalGoConfigXmlLoader.preprocessAndValidate(MagicalGoConfigXmlLoader.java:124)
	at com.thoughtworks.go.config.MagicalGoConfigXmlWriter.write(MagicalGoConfigXmlWriter.java:76)
	at com.thoughtworks.go.config.GoFileConfigDataSource.configAsXml(GoFileConfigDataSource.java:408)
	at com.thoughtworks.go.config.GoFileConfigDataSource.getUnmergedConfig(GoFileConfigDataSource.java:600)
	at com.thoughtworks.go.config.GoFileConfigDataSource.trySavingConfig(GoFileConfigDataSource.java:584)
	at com.thoughtworks.go.config.GoFileConfigDataSource.writeWithLock(GoFileConfigDataSource.java:351)
	at com.thoughtworks.go.config.CachedGoConfig.writeWithLock(CachedGoConfig.java:154)
	at com.thoughtworks.go.config.GoConfigDao.updateConfig(GoConfigDao.java:118)
	at com.thoughtworks.go.server.service.GoConfigService.updateConfig(GoConfigService.java:283)
	at com.thoughtworks.go.config.PartialConfigService.updateConfig(PartialConfigService.java:159)
	at com.thoughtworks.go.config.PartialConfigService.onSuccessPartialConfig(PartialConfigService.java:87)
	at com.thoughtworks.go.config.GoConfigRepoConfigDataSource.notifySuccessListeners(GoConfigRepoConfigDataSource.java:209)
	at com.thoughtworks.go.config.GoConfigRepoConfigDataSource.onCheckoutComplete(GoConfigRepoConfigDataSource.java:172)
	at com.thoughtworks.go.server.materials.ConfigMaterialUpdateListener.updateConfigurationFromCheckout(ConfigMaterialUpdateListener.java:99)
	at com.thoughtworks.go.server.materials.ConfigMaterialUpdateListener.onMessage(ConfigMaterialUpdateListener.java:84)
	at com.thoughtworks.go.server.materials.ConfigMaterialUpdateListener.onMessage(ConfigMaterialUpdateListener.java:36)
	at com.thoughtworks.go.server.messaging.activemq.JMSMessageListenerAdapter.runImpl(JMSMessageListenerAdapter.java:83)
	at com.thoughtworks.go.server.messaging.activemq.JMSMessageListenerAdapter.run(JMSMessageListenerAdapter.java:63)
	at java.base/java.lang.Thread.run(Unknown Source)
2023-03-10 09:48:17,101 WARN  [124@MessageListener for ConfigMaterialUpdateListener] GoFileConfigDataSource:366 - Configuration file is invalid: Number of errors: 1+
I. Rule Validation Errors: 
	1. Not allowed to refer to pipeline group 'ops'. Check the 'Rules' of this config repository.;; 

II. Config Validation Errors: 

com.thoughtworks.go.config.exceptions.GoConfigInvalidMergeException: Number of errors: 1+
I. Rule Validation Errors: 
	1. Not allowed to refer to pipeline group 'ops'. Check the 'Rules' of this config repository.;; 

II. Config Validation Errors: 

	at com.thoughtworks.go.config.GoFileConfigDataSource.writeWithLock(GoFileConfigDataSource.java:356)
	at com.thoughtworks.go.config.CachedGoConfig.writeWithLock(CachedGoConfig.java:154)
	at com.thoughtworks.go.config.GoConfigDao.updateConfig(GoConfigDao.java:118)
	at com.thoughtworks.go.server.service.GoConfigService.updateConfig(GoConfigService.java:283)
	at com.thoughtworks.go.config.PartialConfigService.updateConfig(PartialConfigService.java:159)
	at com.thoughtworks.go.config.PartialConfigService.onSuccessPartialConfig(PartialConfigService.java:87)
	at com.thoughtworks.go.config.GoConfigRepoConfigDataSource.notifySuccessListeners(GoConfigRepoConfigDataSource.java:209)
	at com.thoughtworks.go.config.GoConfigRepoConfigDataSource.onCheckoutComplete(GoConfigRepoConfigDataSource.java:172)
	at com.thoughtworks.go.server.materials.ConfigMaterialUpdateListener.updateConfigurationFromCheckout(ConfigMaterialUpdateListener.java:99)
	at com.thoughtworks.go.server.materials.ConfigMaterialUpdateListener.onMessage(ConfigMaterialUpdateListener.java:84)
	at com.thoughtworks.go.server.materials.ConfigMaterialUpdateListener.onMessage(ConfigMaterialUpdateListener.java:36)
	at com.thoughtworks.go.server.messaging.activemq.JMSMessageListenerAdapter.runImpl(JMSMessageListenerAdapter.java:83)
	at com.thoughtworks.go.server.messaging.activemq.JMSMessageListenerAdapter.run(JMSMessageListenerAdapter.java:63)
	at java.base/java.lang.Thread.run(Unknown Source)
Caused by: com.thoughtworks.go.config.exceptions.GoConfigInvalidMergeException: Number of errors: 1+
I. Rule Validation Errors: 
	1. Not allowed to refer to pipeline group 'ops'. Check the 'Rules' of this config repository.;; 

II. Config Validation Errors: 

	at com.thoughtworks.go.config.MagicalGoConfigXmlLoader.validateCruiseConfig(MagicalGoConfigXmlLoader.java:137)
	at com.thoughtworks.go.config.MagicalGoConfigXmlLoader.preprocessAndValidate(MagicalGoConfigXmlLoader.java:124)
	at com.thoughtworks.go.config.MagicalGoConfigXmlWriter.write(MagicalGoConfigXmlWriter.java:76)
	at com.thoughtworks.go.config.GoFileConfigDataSource.configAsXml(GoFileConfigDataSource.java:408)
	at com.thoughtworks.go.config.GoFileConfigDataSource.getUnmergedConfig(GoFileConfigDataSource.java:600)
	at com.thoughtworks.go.config.GoFileConfigDataSource.trySavingConfig(GoFileConfigDataSource.java:584)
	at com.thoughtworks.go.config.GoFileConfigDataSource.writeWithLock(GoFileConfigDataSource.java:351)
	... 13 common frames omitted
2023-03-10 09:48:17,103 ERROR [124@MessageListener for ConfigMaterialUpdateListener] GoConfigDao:120 - Config update failed.
java.lang.RuntimeException: Number of errors: 1+
I. Rule Validation Errors: 
	1. Not allowed to refer to pipeline group 'ops'. Check the 'Rules' of this config repository.;; 

II. Config Validation Errors: 

	at com.thoughtworks.go.util.ExceptionUtils.bomb(ExceptionUtils.java:41)
	at com.thoughtworks.go.config.GoFileConfigDataSource.writeWithLock(GoFileConfigDataSource.java:367)
	at com.thoughtworks.go.config.CachedGoConfig.writeWithLock(CachedGoConfig.java:154)
	at com.thoughtworks.go.config.GoConfigDao.updateConfig(GoConfigDao.java:118)
	at com.thoughtworks.go.server.service.GoConfigService.updateConfig(GoConfigService.java:283)
	at com.thoughtworks.go.config.PartialConfigService.updateConfig(PartialConfigService.java:159)
	at com.thoughtworks.go.config.PartialConfigService.onSuccessPartialConfig(PartialConfigService.java:87)
	at com.thoughtworks.go.config.GoConfigRepoConfigDataSource.notifySuccessListeners(GoConfigRepoConfigDataSource.java:209)
	at com.thoughtworks.go.config.GoConfigRepoConfigDataSource.onCheckoutComplete(GoConfigRepoConfigDataSource.java:172)
	at com.thoughtworks.go.server.materials.ConfigMaterialUpdateListener.updateConfigurationFromCheckout(ConfigMaterialUpdateListener.java:99)
	at com.thoughtworks.go.server.materials.ConfigMaterialUpdateListener.onMessage(ConfigMaterialUpdateListener.java:84)
	at com.thoughtworks.go.server.materials.ConfigMaterialUpdateListener.onMessage(ConfigMaterialUpdateListener.java:36)
	at com.thoughtworks.go.server.messaging.activemq.JMSMessageListenerAdapter.runImpl(JMSMessageListenerAdapter.java:83)
	at com.thoughtworks.go.server.messaging.activemq.JMSMessageListenerAdapter.run(JMSMessageListenerAdapter.java:63)
	at java.base/java.lang.Thread.run(Unknown Source)
Caused by: com.thoughtworks.go.config.exceptions.GoConfigInvalidMergeException: Number of errors: 1+
I. Rule Validation Errors: 
	1. Not allowed to refer to pipeline group 'ops'. Check the 'Rules' of this config repository.;; 

II. Config Validation Errors: 

	at com.thoughtworks.go.config.GoFileConfigDataSource.writeWithLock(GoFileConfigDataSource.java:356)
	... 13 common frames omitted
Caused by: com.thoughtworks.go.config.exceptions.GoConfigInvalidMergeException: Number of errors: 1+
I. Rule Validation Errors: 
	1. Not allowed to refer to pipeline group 'ops'. Check the 'Rules' of this config repository.;; 

II. Config Validation Errors: 

	at com.thoughtworks.go.config.MagicalGoConfigXmlLoader.validateCruiseConfig(MagicalGoConfigXmlLoader.java:137)
	at com.thoughtworks.go.config.MagicalGoConfigXmlLoader.preprocessAndValidate(MagicalGoConfigXmlLoader.java:124)
	at com.thoughtworks.go.config.MagicalGoConfigXmlWriter.write(MagicalGoConfigXmlWriter.java:76)
	at com.thoughtworks.go.config.GoFileConfigDataSource.configAsXml(GoFileConfigDataSource.java:408)
	at com.thoughtworks.go.config.GoFileConfigDataSource.getUnmergedConfig(GoFileConfigDataSource.java:600)
	at com.thoughtworks.go.config.GoFileConfigDataSource.trySavingConfig(GoFileConfigDataSource.java:584)
	at com.thoughtworks.go.config.GoFileConfigDataSource.writeWithLock(GoFileConfigDataSource.java:351)
	... 13 common frames omitted
2023-03-10 09:48:17,105 INFO  [124@MessageListener for ConfigMaterialUpdateListener] GoConfigDao:126 - Config update request by anonymous is completed
2023-03-10 09:48:17,953 ERROR [qtp1784242807-33] VariableReplacer:385 - function ${escape:} type 'escape:' not a valid type
2023-03-10 09:48:28,019 ERROR [qtp1784242807-33] VariableReplacer:385 - function ${escape:} type 'escape:' not a valid type
2023-03-10 09:48:58,065 ERROR [qtp1784242807-36] VariableReplacer:385 - function ${escape:} type 'escape:' not a valid type
2023-03-10 09:50:03,873 ERROR [qtp1784242807-41] VariableReplacer:385 - function ${escape:} type 'escape:' not a valid type
2023-03-10 09:50:09,060 INFO  [138@MessageListener for MaterialUpdateListener] ScmMaterialUpdater:60 - [Material Update] Found '1' modifications for material 'GitMaterial{url=https://github.com/mehdi1-3/gocd, branch='master', shallowClone=false, submoduleFolder='null'}' with flyweight '0824dc982ad52193ccc2cc41a13fbf254bcc00012cf78af3a609470a7c9d334a' using working directory '/go-working-dir/pipelines/flyweight/77b41907-5173-463d-91f9-e8290f5fa1c0'
2023-03-10 09:50:10,406 INFO  [124@MessageListener for ConfigMaterialUpdateListener] GoConfigDao:108 - Config update request by anonymous is in queue - com.thoughtworks.go.config.update.PartialConfigUpdateCommand@3d1b174c
2023-03-10 09:50:10,409 INFO  [124@MessageListener for ConfigMaterialUpdateListener] GoConfigDao:111 - Config update request com.thoughtworks.go.config.update.PartialConfigUpdateCommand@3d1b174c by anonymous is being processed
2023-03-10 09:50:10,431 WARN  [124@MessageListener for ConfigMaterialUpdateListener] GoFileConfigDataSource:349 - Merged config update operation failed on LATEST 1 partials. Falling back to using LAST VALID 0 partials. Exception message was: Number of errors: 1+
I. Rule Validation Errors: 
	1. Not allowed to refer to pipeline group 'defaultGroup'. Check the 'Rules' of this config repository.;; 

II. Config Validation Errors: 

com.thoughtworks.go.config.exceptions.GoConfigInvalidMergeException: Number of errors: 1+
I. Rule Validation Errors: 
	1. Not allowed to refer to pipeline group 'defaultGroup'. Check the 'Rules' of this config repository.;; 

II. Config Validation Errors: 

	at com.thoughtworks.go.config.MagicalGoConfigXmlLoader.validateCruiseConfig(MagicalGoConfigXmlLoader.java:137)
	at com.thoughtworks.go.config.MagicalGoConfigXmlLoader.preprocessAndValidate(MagicalGoConfigXmlLoader.java:124)
	at com.thoughtworks.go.config.MagicalGoConfigXmlWriter.write(MagicalGoConfigXmlWriter.java:76)
	at com.thoughtworks.go.config.GoFileConfigDataSource.configAsXml(GoFileConfigDataSource.java:408)
	at com.thoughtworks.go.config.GoFileConfigDataSource.getUnmergedConfig(GoFileConfigDataSource.java:600)
	at com.thoughtworks.go.config.GoFileConfigDataSource.trySavingConfig(GoFileConfigDataSource.java:584)
	at com.thoughtworks.go.config.GoFileConfigDataSource.writeWithLock(GoFileConfigDataSource.java:343)
	at com.thoughtworks.go.config.CachedGoConfig.writeWithLock(CachedGoConfig.java:154)
	at com.thoughtworks.go.config.GoConfigDao.updateConfig(GoConfigDao.java:118)
	at com.thoughtworks.go.server.service.GoConfigService.updateConfig(GoConfigService.java:283)
	at com.thoughtworks.go.config.PartialConfigService.updateConfig(PartialConfigService.java:159)
	at com.thoughtworks.go.config.PartialConfigService.onSuccessPartialConfig(PartialConfigService.java:87)
	at com.thoughtworks.go.config.GoConfigRepoConfigDataSource.notifySuccessListeners(GoConfigRepoConfigDataSource.java:209)
	at com.thoughtworks.go.config.GoConfigRepoConfigDataSource.onCheckoutComplete(GoConfigRepoConfigDataSource.java:172)
	at com.thoughtworks.go.server.materials.ConfigMaterialUpdateListener.updateConfigurationFromCheckout(ConfigMaterialUpdateListener.java:99)
	at com.thoughtworks.go.server.materials.ConfigMaterialUpdateListener.onMessage(ConfigMaterialUpdateListener.java:84)
	at com.thoughtworks.go.server.materials.ConfigMaterialUpdateListener.onMessage(ConfigMaterialUpdateListener.java:36)
	at com.thoughtworks.go.server.messaging.activemq.JMSMessageListenerAdapter.runImpl(JMSMessageListenerAdapter.java:83)
	at com.thoughtworks.go.server.messaging.activemq.JMSMessageListenerAdapter.run(JMSMessageListenerAdapter.java:63)
	at java.base/java.lang.Thread.run(Unknown Source)
2023-03-10 09:50:10,442 WARN  [124@MessageListener for ConfigMaterialUpdateListener] GoFileConfigDataSource:355 - Merged config update operation failed using fallback LAST VALID 1 partials. Exception message was: Number of errors: 1+
I. Rule Validation Errors: 
	1. Not allowed to refer to pipeline group 'defaultGroup'. Check the 'Rules' of this config repository.;; 

II. Config Validation Errors: 

com.thoughtworks.go.config.exceptions.GoConfigInvalidMergeException: Number of errors: 1+
I. Rule Validation Errors: 
	1. Not allowed to refer to pipeline group 'defaultGroup'. Check the 'Rules' of this config repository.;; 

II. Config Validation Errors: 

	at com.thoughtworks.go.config.MagicalGoConfigXmlLoader.validateCruiseConfig(MagicalGoConfigXmlLoader.java:137)
	at com.thoughtworks.go.config.MagicalGoConfigXmlLoader.preprocessAndValidate(MagicalGoConfigXmlLoader.java:124)
	at com.thoughtworks.go.config.MagicalGoConfigXmlWriter.write(MagicalGoConfigXmlWriter.java:76)
	at com.thoughtworks.go.config.GoFileConfigDataSource.configAsXml(GoFileConfigDataSource.java:408)
	at com.thoughtworks.go.config.GoFileConfigDataSource.getUnmergedConfig(GoFileConfigDataSource.java:600)
	at com.thoughtworks.go.config.GoFileConfigDataSource.trySavingConfig(GoFileConfigDataSource.java:584)
	at com.thoughtworks.go.config.GoFileConfigDataSource.writeWithLock(GoFileConfigDataSource.java:351)
	at com.thoughtworks.go.config.CachedGoConfig.writeWithLock(CachedGoConfig.java:154)
	at com.thoughtworks.go.config.GoConfigDao.updateConfig(GoConfigDao.java:118)
	at com.thoughtworks.go.server.service.GoConfigService.updateConfig(GoConfigService.java:283)
	at com.thoughtworks.go.config.PartialConfigService.updateConfig(PartialConfigService.java:159)
	at com.thoughtworks.go.config.PartialConfigService.onSuccessPartialConfig(PartialConfigService.java:87)
	at com.thoughtworks.go.config.GoConfigRepoConfigDataSource.notifySuccessListeners(GoConfigRepoConfigDataSource.java:209)
	at com.thoughtworks.go.config.GoConfigRepoConfigDataSource.onCheckoutComplete(GoConfigRepoConfigDataSource.java:172)
	at com.thoughtworks.go.server.materials.ConfigMaterialUpdateListener.updateConfigurationFromCheckout(ConfigMaterialUpdateListener.java:99)
	at com.thoughtworks.go.server.materials.ConfigMaterialUpdateListener.onMessage(ConfigMaterialUpdateListener.java:84)
	at com.thoughtworks.go.server.materials.ConfigMaterialUpdateListener.onMessage(ConfigMaterialUpdateListener.java:36)
	at com.thoughtworks.go.server.messaging.activemq.JMSMessageListenerAdapter.runImpl(JMSMessageListenerAdapter.java:83)
	at com.thoughtworks.go.server.messaging.activemq.JMSMessageListenerAdapter.run(JMSMessageListenerAdapter.java:63)
	at java.base/java.lang.Thread.run(Unknown Source)
2023-03-10 09:50:10,448 WARN  [124@MessageListener for ConfigMaterialUpdateListener] GoFileConfigDataSource:366 - Configuration file is invalid: Number of errors: 1+
I. Rule Validation Errors: 
	1. Not allowed to refer to pipeline group 'defaultGroup'. Check the 'Rules' of this config repository.;; 

II. Config Validation Errors: 

com.thoughtworks.go.config.exceptions.GoConfigInvalidMergeException: Number of errors: 1+
I. Rule Validation Errors: 
	1. Not allowed to refer to pipeline group 'defaultGroup'. Check the 'Rules' of this config repository.;; 

II. Config Validation Errors: 

	at com.thoughtworks.go.config.GoFileConfigDataSource.writeWithLock(GoFileConfigDataSource.java:356)
	at com.thoughtworks.go.config.CachedGoConfig.writeWithLock(CachedGoConfig.java:154)
	at com.thoughtworks.go.config.GoConfigDao.updateConfig(GoConfigDao.java:118)
	at com.thoughtworks.go.server.service.GoConfigService.updateConfig(GoConfigService.java:283)
	at com.thoughtworks.go.config.PartialConfigService.updateConfig(PartialConfigService.java:159)
	at com.thoughtworks.go.config.PartialConfigService.onSuccessPartialConfig(PartialConfigService.java:87)
	at com.thoughtworks.go.config.GoConfigRepoConfigDataSource.notifySuccessListeners(GoConfigRepoConfigDataSource.java:209)
	at com.thoughtworks.go.config.GoConfigRepoConfigDataSource.onCheckoutComplete(GoConfigRepoConfigDataSource.java:172)
	at com.thoughtworks.go.server.materials.ConfigMaterialUpdateListener.updateConfigurationFromCheckout(ConfigMaterialUpdateListener.java:99)
	at com.thoughtworks.go.server.materials.ConfigMaterialUpdateListener.onMessage(ConfigMaterialUpdateListener.java:84)
	at com.thoughtworks.go.server.materials.ConfigMaterialUpdateListener.onMessage(ConfigMaterialUpdateListener.java:36)
	at com.thoughtworks.go.server.messaging.activemq.JMSMessageListenerAdapter.runImpl(JMSMessageListenerAdapter.java:83)
	at com.thoughtworks.go.server.messaging.activemq.JMSMessageListenerAdapter.run(JMSMessageListenerAdapter.java:63)
	at java.base/java.lang.Thread.run(Unknown Source)
Caused by: com.thoughtworks.go.config.exceptions.GoConfigInvalidMergeException: Number of errors: 1+
I. Rule Validation Errors: 
	1. Not allowed to refer to pipeline group 'defaultGroup'. Check the 'Rules' of this config repository.;; 

II. Config Validation Errors: 

	at com.thoughtworks.go.config.MagicalGoConfigXmlLoader.validateCruiseConfig(MagicalGoConfigXmlLoader.java:137)
	at com.thoughtworks.go.config.MagicalGoConfigXmlLoader.preprocessAndValidate(MagicalGoConfigXmlLoader.java:124)
	at com.thoughtworks.go.config.MagicalGoConfigXmlWriter.write(MagicalGoConfigXmlWriter.java:76)
	at com.thoughtworks.go.config.GoFileConfigDataSource.configAsXml(GoFileConfigDataSource.java:408)
	at com.thoughtworks.go.config.GoFileConfigDataSource.getUnmergedConfig(GoFileConfigDataSource.java:600)
	at com.thoughtworks.go.config.GoFileConfigDataSource.trySavingConfig(GoFileConfigDataSource.java:584)
	at com.thoughtworks.go.config.GoFileConfigDataSource.writeWithLock(GoFileConfigDataSource.java:351)
	... 13 common frames omitted
2023-03-10 09:50:10,451 ERROR [124@MessageListener for ConfigMaterialUpdateListener] GoConfigDao:120 - Config update failed.
java.lang.RuntimeException: Number of errors: 1+
I. Rule Validation Errors: 
	1. Not allowed to refer to pipeline group 'defaultGroup'. Check the 'Rules' of this config repository.;; 

II. Config Validation Errors: 

	at com.thoughtworks.go.util.ExceptionUtils.bomb(ExceptionUtils.java:41)
	at com.thoughtworks.go.config.GoFileConfigDataSource.writeWithLock(GoFileConfigDataSource.java:367)
	at com.thoughtworks.go.config.CachedGoConfig.writeWithLock(CachedGoConfig.java:154)
	at com.thoughtworks.go.config.GoConfigDao.updateConfig(GoConfigDao.java:118)
	at com.thoughtworks.go.server.service.GoConfigService.updateConfig(GoConfigService.java:283)
	at com.thoughtworks.go.config.PartialConfigService.updateConfig(PartialConfigService.java:159)
	at com.thoughtworks.go.config.PartialConfigService.onSuccessPartialConfig(PartialConfigService.java:87)
	at com.thoughtworks.go.config.GoConfigRepoConfigDataSource.notifySuccessListeners(GoConfigRepoConfigDataSource.java:209)
	at com.thoughtworks.go.config.GoConfigRepoConfigDataSource.onCheckoutComplete(GoConfigRepoConfigDataSource.java:172)
	at com.thoughtworks.go.server.materials.ConfigMaterialUpdateListener.updateConfigurationFromCheckout(ConfigMaterialUpdateListener.java:99)
	at com.thoughtworks.go.server.materials.ConfigMaterialUpdateListener.onMessage(ConfigMaterialUpdateListener.java:84)
	at com.thoughtworks.go.server.materials.ConfigMaterialUpdateListener.onMessage(ConfigMaterialUpdateListener.java:36)
	at com.thoughtworks.go.server.messaging.activemq.JMSMessageListenerAdapter.runImpl(JMSMessageListenerAdapter.java:83)
	at com.thoughtworks.go.server.messaging.activemq.JMSMessageListenerAdapter.run(JMSMessageListenerAdapter.java:63)
	at java.base/java.lang.Thread.run(Unknown Source)
Caused by: com.thoughtworks.go.config.exceptions.GoConfigInvalidMergeException: Number of errors: 1+
I. Rule Validation Errors: 
	1. Not allowed to refer to pipeline group 'defaultGroup'. Check the 'Rules' of this config repository.;; 

II. Config Validation Errors: 

	at com.thoughtworks.go.config.GoFileConfigDataSource.writeWithLock(GoFileConfigDataSource.java:356)
	... 13 common frames omitted
Caused by: com.thoughtworks.go.config.exceptions.GoConfigInvalidMergeException: Number of errors: 1+
I. Rule Validation Errors: 
	1. Not allowed to refer to pipeline group 'defaultGroup'. Check the 'Rules' of this config repository.;; 

II. Config Validation Errors: 

	at com.thoughtworks.go.config.MagicalGoConfigXmlLoader.validateCruiseConfig(MagicalGoConfigXmlLoader.java:137)
	at com.thoughtworks.go.config.MagicalGoConfigXmlLoader.preprocessAndValidate(MagicalGoConfigXmlLoader.java:124)
	at com.thoughtworks.go.config.MagicalGoConfigXmlWriter.write(MagicalGoConfigXmlWriter.java:76)
	at com.thoughtworks.go.config.GoFileConfigDataSource.configAsXml(GoFileConfigDataSource.java:408)
	at com.thoughtworks.go.config.GoFileConfigDataSource.getUnmergedConfig(GoFileConfigDataSource.java:600)
	at com.thoughtworks.go.config.GoFileConfigDataSource.trySavingConfig(GoFileConfigDataSource.java:584)
	at com.thoughtworks.go.config.GoFileConfigDataSource.writeWithLock(GoFileConfigDataSource.java:351)
	... 13 common frames omitted
2023-03-10 09:50:10,452 INFO  [124@MessageListener for ConfigMaterialUpdateListener] GoConfigDao:126 - Config update request by anonymous is completed
2023-03-10 09:50:33,913 ERROR [qtp1784242807-33] VariableReplacer:385 - function ${escape:} type 'escape:' not a valid type
2023-03-10 09:50:43,971 ERROR [qtp1784242807-41] VariableReplacer:385 - function ${escape:} type 'escape:' not a valid type
2023-03-10 09:50:53,997 ERROR [qtp1784242807-33] VariableReplacer:385 - function ${escape:} type 'escape:' not a valid type
2023-03-10 09:51:04,026 ERROR [qtp1784242807-40] VariableReplacer:385 - function ${escape:} type 'escape:' not a valid type
2023-03-10 09:51:14,069 ERROR [qtp1784242807-35] VariableReplacer:385 - function ${escape:} type 'escape:' not a valid type
2023-03-10 09:51:24,102 ERROR [qtp1784242807-45] VariableReplacer:385 - function ${escape:} type 'escape:' not a valid type
2023-03-10 09:57:38,163 ERROR [qtp1784242807-34] VariableReplacer:385 - function ${escape:} type 'escape:' not a valid type
2023-03-10 09:57:41,533 INFO  [qtp1784242807-36] GoConfigDao:88 - Config update for entity request by com.thoughtworks.go.server.domain.Username@37b37114[displayName=anonymous,username=anonymous] is in queue - com.thoughtworks.go.config.update.DeleteConfigRepoCommand@483585e6
2023-03-10 09:57:41,537 INFO  [qtp1784242807-36] GoConfigDao:91 - Config update for entity request by com.thoughtworks.go.server.domain.Username@37b37114[displayName=anonymous,username=anonymous] is being processed
2023-03-10 09:57:41,543 INFO  [qtp1784242807-36] GoFileConfigDataSource:491 - [Configuration Changed] Saving updated configuration.
2023-03-10 09:57:41,572 INFO  [qtp1784242807-36] MagicalGoConfigXmlWriter:85 - [Serializing Config] Generating config partial.
2023-03-10 09:57:41,594 INFO  [qtp1784242807-36] CachedGoConfig:167 - About to notify com.thoughtworks.go.config.remote.ConfigRepoConfig config listeners
2023-03-10 09:57:41,595 INFO  [qtp1784242807-36] CachedGoConfig:181 - Finished notifying com.thoughtworks.go.config.remote.ConfigRepoConfig config listeners
2023-03-10 09:57:41,596 INFO  [qtp1784242807-36] GoConfigDao:101 - Entity update for request by com.thoughtworks.go.server.domain.Username@37b37114[displayName=anonymous,username=anonymous] is completed
2023-03-10 09:57:41,609 ERROR [qtp1784242807-44] VariableReplacer:385 - function ${escape:} type 'escape:' not a valid type
2023-03-10 09:58:39,776 WARN  [pool-3-thread-1] ProcessWrapper:59 - null
java.lang.InterruptedException: null
	at java.base/java.lang.Object.wait(Native Method)
	at java.base/java.lang.Object.wait(Unknown Source)
	at java.base/java.lang.ProcessImpl.waitFor(Unknown Source)
	at com.thoughtworks.go.util.ProcessWrapper.waitForExit(ProcessWrapper.java:55)
	at com.thoughtworks.go.util.command.CommandLine.run(CommandLine.java:373)
	at com.thoughtworks.go.domain.materials.SCMCommand.run(SCMCommand.java:42)
	at com.thoughtworks.go.domain.materials.git.GitCommand.cloneWithNoCheckout(GitCommand.java:106)
	at com.thoughtworks.go.config.materials.git.GitMaterial.git(GitMaterial.java:379)
	at com.thoughtworks.go.config.materials.git.GitMaterial.getGit(GitMaterial.java:347)
	at com.thoughtworks.go.config.materials.git.GitMaterial.latestModification(GitMaterial.java:124)
	at com.thoughtworks.go.server.service.materials.GitPoller.latestModification(GitPoller.java:30)
	at com.thoughtworks.go.server.service.materials.GitPoller.latestModification(GitPoller.java:26)
	at com.thoughtworks.go.server.service.MaterialService.latestModification(MaterialService.java:127)
	at com.thoughtworks.go.apiv1.pipelinesascodeinternal.PipelinesAsCodeInternalControllerV1.lambda$checkoutFromMaterialConfig$6(PipelinesAsCodeInternalControllerV1.java:225)
	at java.base/java.util.concurrent.Executors$RunnableAdapter.call(Unknown Source)
	at java.base/java.util.concurrent.FutureTask.run(Unknown Source)
	at java.base/java.util.concurrent.ThreadPoolExecutor.runWorker(Unknown Source)
	at java.base/java.util.concurrent.ThreadPoolExecutor$Worker.run(Unknown Source)
	at java.base/java.lang.Thread.run(Unknown Source)
2023-03-10 10:09:18,033 ERROR [qtp1784242807-43] VariableReplacer:385 - function ${escape:} type 'escape:' not a valid type
2023-03-10 10:09:18,038 INFO  [qtp1784242807-43] GoConfigDao:88 - Config update for entity request by com.thoughtworks.go.server.domain.Username@5ea4f5ad[displayName=anonymous,username=anonymous] is in queue - com.thoughtworks.go.config.update.CreateConfigRepoCommand@19df16ba
2023-03-10 10:09:18,040 INFO  [qtp1784242807-43] GoConfigDao:91 - Config update for entity request by com.thoughtworks.go.server.domain.Username@5ea4f5ad[displayName=anonymous,username=anonymous] is being processed
2023-03-10 10:09:18,043 INFO  [qtp1784242807-43] GoFileConfigDataSource:491 - [Configuration Changed] Saving updated configuration.
2023-03-10 10:09:18,056 INFO  [qtp1784242807-43] MagicalGoConfigXmlWriter:85 - [Serializing Config] Generating config partial.
2023-03-10 10:09:18,072 INFO  [qtp1784242807-43] CachedGoConfig:167 - About to notify com.thoughtworks.go.config.remote.ConfigRepoConfig config listeners
2023-03-10 10:09:18,074 INFO  [qtp1784242807-43] CachedGoConfig:181 - Finished notifying com.thoughtworks.go.config.remote.ConfigRepoConfig config listeners
2023-03-10 10:09:18,075 INFO  [qtp1784242807-43] GoConfigDao:101 - Entity update for request by com.thoughtworks.go.server.domain.Username@5ea4f5ad[displayName=anonymous,username=anonymous] is completed
2023-03-10 10:09:18,254 ERROR [qtp1784242807-34] VariableReplacer:385 - function ${escape:} type 'escape:' not a valid type
2023-03-10 10:09:21,059 INFO  [138@MessageListener for MaterialUpdateListener] ScmMaterialUpdater:60 - [Material Update] Found '1' modifications for material 'GitMaterial{url=https://github.com/tomzo/gocd-yaml-config-plugin/, branch='master', shallowClone=false, submoduleFolder='null'}' with flyweight '9a1c5c6211a4d197a64558169d1cf8d48a76a118b40cf44afa380b590e9c5b97' using working directory '/go-working-dir/pipelines/flyweight/668f2b23-e3a5-41f8-8ba6-60231123aeaf'
2023-03-10 10:09:21,885 ERROR [124@MessageListener for ConfigMaterialUpdateListener] GoConfigRepoConfigDataSource:175 - Failed to parse configuration material https://github.com/tomzo/gocd-yaml-config-plugin/ by Plugin yaml.config.plugin
java.lang.RuntimeException: The plugin sent a response that could not be understood by Go. Plugin returned with code '500' and the following response: '{"target_version":1,"environments":[],"pipelines":[],"errors":[{"location":"YAML config plugin","message":"java.lang.RuntimeException: Versions across files are not unique. Found versions: [3, 9, 10]. There can only be one version across the whole repository."}]}'
	at com.thoughtworks.go.plugin.access.PluginRequestHelper.submitRequest(PluginRequestHelper.java:58)
	at com.thoughtworks.go.plugin.access.configrepo.ConfigRepoExtension.parseDirectory(ConfigRepoExtension.java:132)
	at com.thoughtworks.go.config.ConfigRepoPlugin.parseDirectory(ConfigRepoPlugin.java:95)
	at com.thoughtworks.go.config.ConfigRepoPlugin.load(ConfigRepoPlugin.java:64)
	at com.thoughtworks.go.config.GoConfigRepoConfigDataSource.onCheckoutComplete(GoConfigRepoConfigDataSource.java:162)
	at com.thoughtworks.go.server.materials.ConfigMaterialUpdateListener.updateConfigurationFromCheckout(ConfigMaterialUpdateListener.java:99)
	at com.thoughtworks.go.server.materials.ConfigMaterialUpdateListener.onMessage(ConfigMaterialUpdateListener.java:84)
	at com.thoughtworks.go.server.materials.ConfigMaterialUpdateListener.onMessage(ConfigMaterialUpdateListener.java:36)
	at com.thoughtworks.go.server.messaging.activemq.JMSMessageListenerAdapter.runImpl(JMSMessageListenerAdapter.java:83)
	at com.thoughtworks.go.server.messaging.activemq.JMSMessageListenerAdapter.run(JMSMessageListenerAdapter.java:63)
	at java.base/java.lang.Thread.run(Unknown Source)
2023-03-10 10:09:28,267 ERROR [qtp1784242807-29] VariableReplacer:385 - function ${escape:} type 'escape:' not a valid type
2023-03-10 10:09:38,294 ERROR [qtp1784242807-34] VariableReplacer:385 - function ${escape:} type 'escape:' not a valid type
2023-03-10 10:09:53,298 ERROR [qtp1784242807-35] VariableReplacer:385 - function ${escape:} type 'escape:' not a valid type
2023-03-10 10:10:46,123 ERROR [123@MessageListener for ConfigMaterialUpdateListener] GoConfigRepoConfigDataSource:175 - Failed to parse configuration material https://github.com/tomzo/gocd-yaml-config-plugin/ by Plugin yaml.config.plugin
java.lang.RuntimeException: The plugin sent a response that could not be understood by Go. Plugin returned with code '500' and the following response: '{"target_version":1,"environments":[],"pipelines":[],"errors":[{"location":"YAML config plugin","message":"java.lang.RuntimeException: Versions across files are not unique. Found versions: [3, 9, 10]. There can only be one version across the whole repository."}]}'
	at com.thoughtworks.go.plugin.access.PluginRequestHelper.submitRequest(PluginRequestHelper.java:58)
	at com.thoughtworks.go.plugin.access.configrepo.ConfigRepoExtension.parseDirectory(ConfigRepoExtension.java:132)
	at com.thoughtworks.go.config.ConfigRepoPlugin.parseDirectory(ConfigRepoPlugin.java:95)
	at com.thoughtworks.go.config.ConfigRepoPlugin.load(ConfigRepoPlugin.java:64)
	at com.thoughtworks.go.config.GoConfigRepoConfigDataSource.onCheckoutComplete(GoConfigRepoConfigDataSource.java:162)
	at com.thoughtworks.go.server.materials.ConfigMaterialUpdateListener.updateConfigurationFromCheckout(ConfigMaterialUpdateListener.java:99)
	at com.thoughtworks.go.server.materials.ConfigMaterialUpdateListener.onMessage(ConfigMaterialUpdateListener.java:84)
	at com.thoughtworks.go.server.materials.ConfigMaterialUpdateListener.onMessage(ConfigMaterialUpdateListener.java:36)
	at com.thoughtworks.go.server.messaging.activemq.JMSMessageListenerAdapter.runImpl(JMSMessageListenerAdapter.java:83)
	at com.thoughtworks.go.server.messaging.activemq.JMSMessageListenerAdapter.run(JMSMessageListenerAdapter.java:63)
	at java.base/java.lang.Thread.run(Unknown Source)
