2023-03-10 10:09:21,884 ERROR [124@MessageListener for ConfigMaterialUpdateListener] YamlConfigPlugin:127 - Unexpected error occurred in YAML configuration plugin.
java.lang.RuntimeException: Versions across files are not unique. Found versions: [3, 9, 10]. There can only be one version across the whole repository.
	at cd.go.plugin.config.yaml.JsonConfigCollection.updateTargetVersionFromFiles(JsonConfigCollection.java:75)
	at cd.go.plugin.config.yaml.YamlConfigPlugin.lambda$handleParseDirectoryRequest$3(YamlConfigPlugin.java:160)
	at cd.go.plugin.config.yaml.YamlConfigPlugin.handlingErrors(YamlConfigPlugin.java:221)
	at cd.go.plugin.config.yaml.YamlConfigPlugin.handleParseDirectoryRequest(YamlConfigPlugin.java:152)
	at cd.go.plugin.config.yaml.YamlConfigPlugin.handle(YamlConfigPlugin.java:75)
	at com.thoughtworks.go.plugin.infra.DefaultPluginManager.lambda$submitTo$0(DefaultPluginManager.java:134)
	at com.thoughtworks.go.plugin.infra.FelixGoPluginOSGiFramework.executeActionOnTheService(FelixGoPluginOSGiFramework.java:208)
	at com.thoughtworks.go.plugin.infra.FelixGoPluginOSGiFramework.doOn(FelixGoPluginOSGiFramework.java:164)
	at com.thoughtworks.go.plugin.infra.DefaultPluginManager.submitTo(DefaultPluginManager.java:131)
	at com.thoughtworks.go.plugin.access.PluginRequestHelper.submitRequest(PluginRequestHelper.java:49)
	at com.thoughtworks.go.plugin.access.configrepo.ConfigRepoExtension.parseDirectory(ConfigRepoExtension.java:132)
	at com.thoughtworks.go.config.ConfigRepoPlugin.parseDirectory(ConfigRepoPlugin.java:95)
	at com.thoughtworks.go.config.ConfigRepoPlugin.load(ConfigRepoPlugin.java:64)
	at com.thoughtworks.go.config.GoConfigRepoConfigDataSource.onCheckoutComplete(GoConfigRepoConfigDataSource.java:162)
	at com.thoughtworks.go.server.materials.ConfigMaterialUpdateListener.updateConfigurationFromCheckout(ConfigMaterialUpdateListener.java:99)
	at com.thoughtworks.go.server.materials.ConfigMaterialUpdateListener.onMessage(ConfigMaterialUpdateListener.java:84)
	at com.thoughtworks.go.server.materials.ConfigMaterialUpdateListener.onMessage(ConfigMaterialUpdateListener.java:36)
	at com.thoughtworks.go.server.messaging.activemq.JMSMessageListenerAdapter.runImpl(JMSMessageListenerAdapter.java:83)
	at com.thoughtworks.go.server.messaging.activemq.JMSMessageListenerAdapter.run(JMSMessageListenerAdapter.java:63)
	at java.base/java.lang.Thread.run(Unknown Source)
2023-03-10 10:10:46,121 ERROR [123@MessageListener for ConfigMaterialUpdateListener] YamlConfigPlugin:127 - Unexpected error occurred in YAML configuration plugin.
java.lang.RuntimeException: Versions across files are not unique. Found versions: [3, 9, 10]. There can only be one version across the whole repository.
	at cd.go.plugin.config.yaml.JsonConfigCollection.updateTargetVersionFromFiles(JsonConfigCollection.java:75)
	at cd.go.plugin.config.yaml.YamlConfigPlugin.lambda$handleParseDirectoryRequest$3(YamlConfigPlugin.java:160)
	at cd.go.plugin.config.yaml.YamlConfigPlugin.handlingErrors(YamlConfigPlugin.java:221)
	at cd.go.plugin.config.yaml.YamlConfigPlugin.handleParseDirectoryRequest(YamlConfigPlugin.java:152)
	at cd.go.plugin.config.yaml.YamlConfigPlugin.handle(YamlConfigPlugin.java:75)
	at com.thoughtworks.go.plugin.infra.DefaultPluginManager.lambda$submitTo$0(DefaultPluginManager.java:134)
	at com.thoughtworks.go.plugin.infra.FelixGoPluginOSGiFramework.executeActionOnTheService(FelixGoPluginOSGiFramework.java:208)
	at com.thoughtworks.go.plugin.infra.FelixGoPluginOSGiFramework.doOn(FelixGoPluginOSGiFramework.java:164)
	at com.thoughtworks.go.plugin.infra.DefaultPluginManager.submitTo(DefaultPluginManager.java:131)
	at com.thoughtworks.go.plugin.access.PluginRequestHelper.submitRequest(PluginRequestHelper.java:49)
	at com.thoughtworks.go.plugin.access.configrepo.ConfigRepoExtension.parseDirectory(ConfigRepoExtension.java:132)
	at com.thoughtworks.go.config.ConfigRepoPlugin.parseDirectory(ConfigRepoPlugin.java:95)
	at com.thoughtworks.go.config.ConfigRepoPlugin.load(ConfigRepoPlugin.java:64)
	at com.thoughtworks.go.config.GoConfigRepoConfigDataSource.onCheckoutComplete(GoConfigRepoConfigDataSource.java:162)
	at com.thoughtworks.go.server.materials.ConfigMaterialUpdateListener.updateConfigurationFromCheckout(ConfigMaterialUpdateListener.java:99)
	at com.thoughtworks.go.server.materials.ConfigMaterialUpdateListener.onMessage(ConfigMaterialUpdateListener.java:84)
	at com.thoughtworks.go.server.materials.ConfigMaterialUpdateListener.onMessage(ConfigMaterialUpdateListener.java:36)
	at com.thoughtworks.go.server.messaging.activemq.JMSMessageListenerAdapter.runImpl(JMSMessageListenerAdapter.java:83)
	at com.thoughtworks.go.server.messaging.activemq.JMSMessageListenerAdapter.run(JMSMessageListenerAdapter.java:63)
	at java.base/java.lang.Thread.run(Unknown Source)
