2023-03-10 08:43:13,248 INFO  [Thread-79] LdapPlugin:72 - Loading plugin null version 2.2.1-181
2023-03-10 08:43:13,355 ERROR [Thread-79] LdapPlugin:127 - Error while executing request go.plugin-settings.get-configuration
com.thoughtworks.go.plugin.api.exceptions.UnhandledRequestTypeException: This is an invalid request type :go.plugin-settings.get-configuration
	at cd.go.plugin.base.dispatcher.RequestDispatcher.dispatch(RequestDispatcher.java:45)
	at cd.go.authentication.ldap.LdapPlugin.handle(LdapPlugin.java:68)
	at com.thoughtworks.go.plugin.infra.DefaultPluginManager.lambda$submitTo$0(DefaultPluginManager.java:134)
	at com.thoughtworks.go.plugin.infra.FelixGoPluginOSGiFramework.executeActionOnTheService(FelixGoPluginOSGiFramework.java:208)
	at com.thoughtworks.go.plugin.infra.FelixGoPluginOSGiFramework.doOn(FelixGoPluginOSGiFramework.java:164)
	at com.thoughtworks.go.plugin.infra.DefaultPluginManager.submitTo(DefaultPluginManager.java:131)
	at com.thoughtworks.go.plugin.access.PluginRequestHelper.submitRequest(PluginRequestHelper.java:49)
	at com.thoughtworks.go.plugin.access.common.AbstractExtension.getPluginSettingsConfiguration(AbstractExtension.java:56)
	at com.thoughtworks.go.plugin.access.common.settings.PluginSettingsMetadataLoader.lambda$findSettingsAndViewOfAllExtensionsIn$2(PluginSettingsMetadataLoader.java:84)
	at java.base/java.util.stream.ReferencePipeline$3$1.accept(Unknown Source)
	at java.base/java.util.stream.ReferencePipeline$2$1.accept(Unknown Source)
	at java.base/java.util.ArrayList$ArrayListSpliterator.forEachRemaining(Unknown Source)
	at java.base/java.util.stream.AbstractPipeline.copyInto(Unknown Source)
	at java.base/java.util.stream.AbstractPipeline.wrapAndCopyInto(Unknown Source)
	at java.base/java.util.stream.ReduceOps$ReduceOp.evaluateSequential(Unknown Source)
	at java.base/java.util.stream.AbstractPipeline.evaluate(Unknown Source)
	at java.base/java.util.stream.ReferencePipeline.collect(Unknown Source)
	at com.thoughtworks.go.plugin.access.common.settings.PluginSettingsMetadataLoader.findSettingsAndViewOfAllExtensionsIn(PluginSettingsMetadataLoader.java:89)
	at com.thoughtworks.go.plugin.access.common.settings.PluginSettingsMetadataLoader.fetchPluginSettingsMetaData(PluginSettingsMetadataLoader.java:59)
	at com.thoughtworks.go.plugin.access.common.settings.PluginSettingsMetadataLoader.pluginLoaded(PluginSettingsMetadataLoader.java:49)
	at com.thoughtworks.go.plugin.infra.PluginLoader.lambda$doPostBundleInstallActivities$0(PluginLoader.java:113)
	at org.apache.commons.collections4.IteratorUtils.forEach(IteratorUtils.java:1224)
	at org.apache.commons.collections4.IterableUtils.forEach(IterableUtils.java:585)
	at com.thoughtworks.go.plugin.infra.PluginLoader.lambda$doPostBundleInstallActivities$1(PluginLoader.java:113)
	at org.apache.commons.collections4.IteratorUtils.forEach(IteratorUtils.java:1224)
	at org.apache.commons.collections4.IterableUtils.forEach(IterableUtils.java:585)
	at com.thoughtworks.go.plugin.infra.PluginLoader.doPostBundleInstallActivities(PluginLoader.java:112)
	at com.thoughtworks.go.plugin.infra.PluginLoader.loadPlugin(PluginLoader.java:70)
	at com.thoughtworks.go.plugin.infra.listeners.DefaultPluginJarChangeListener.refreshBundle(DefaultPluginJarChangeListener.java:180)
	at com.thoughtworks.go.plugin.infra.listeners.DefaultPluginJarChangeListener.addPlugin(DefaultPluginJarChangeListener.java:123)
	at com.thoughtworks.go.plugin.infra.listeners.DefaultPluginJarChangeListener.pluginJarAdded(DefaultPluginJarChangeListener.java:72)
	at com.thoughtworks.go.plugin.infra.monitor.DefaultPluginJarLocationMonitor$PluginLocationMonitorThread$DoOnAllListeners.lambda$pluginJarAdded$0(DefaultPluginJarLocationMonitor.java:237)
	at com.thoughtworks.go.plugin.infra.monitor.DefaultPluginJarLocationMonitor$PluginLocationMonitorThread$DoOnAllListeners.doOnAllPluginJarChangeListener(DefaultPluginJarLocationMonitor.java:258)
	at com.thoughtworks.go.plugin.infra.monitor.DefaultPluginJarLocationMonitor$PluginLocationMonitorThread$DoOnAllListeners.pluginJarAdded(DefaultPluginJarLocationMonitor.java:237)
	at com.thoughtworks.go.plugin.infra.monitor.PluginChangeNotifier.lambda$notify$0(PluginChangeNotifier.java:33)
	at java.base/java.lang.Iterable.forEach(Unknown Source)
	at com.thoughtworks.go.plugin.infra.monitor.PluginChangeNotifier.notify(PluginChangeNotifier.java:30)
	at com.thoughtworks.go.plugin.infra.monitor.DefaultPluginJarLocationMonitor$PluginLocationMonitorThread.loadAndNotifyPluginsFrom(DefaultPluginJarLocationMonitor.java:204)
	at com.thoughtworks.go.plugin.infra.monitor.DefaultPluginJarLocationMonitor$PluginLocationMonitorThread.oneShot(DefaultPluginJarLocationMonitor.java:191)
	at com.thoughtworks.go.plugin.infra.monitor.DefaultPluginJarLocationMonitor$PluginLocationMonitorThread.run(DefaultPluginJarLocationMonitor.java:177)
2023-03-10 08:55:23,789 INFO  [Thread-79] LdapPlugin:72 - Loading plugin null version 2.2.1-181
2023-03-10 08:55:23,859 ERROR [Thread-79] LdapPlugin:127 - Error while executing request go.plugin-settings.get-configuration
com.thoughtworks.go.plugin.api.exceptions.UnhandledRequestTypeException: This is an invalid request type :go.plugin-settings.get-configuration
	at cd.go.plugin.base.dispatcher.RequestDispatcher.dispatch(RequestDispatcher.java:45)
	at cd.go.authentication.ldap.LdapPlugin.handle(LdapPlugin.java:68)
	at com.thoughtworks.go.plugin.infra.DefaultPluginManager.lambda$submitTo$0(DefaultPluginManager.java:134)
	at com.thoughtworks.go.plugin.infra.FelixGoPluginOSGiFramework.executeActionOnTheService(FelixGoPluginOSGiFramework.java:208)
	at com.thoughtworks.go.plugin.infra.FelixGoPluginOSGiFramework.doOn(FelixGoPluginOSGiFramework.java:164)
	at com.thoughtworks.go.plugin.infra.DefaultPluginManager.submitTo(DefaultPluginManager.java:131)
	at com.thoughtworks.go.plugin.access.PluginRequestHelper.submitRequest(PluginRequestHelper.java:49)
	at com.thoughtworks.go.plugin.access.common.AbstractExtension.getPluginSettingsConfiguration(AbstractExtension.java:56)
	at com.thoughtworks.go.plugin.access.common.settings.PluginSettingsMetadataLoader.lambda$findSettingsAndViewOfAllExtensionsIn$2(PluginSettingsMetadataLoader.java:84)
	at java.base/java.util.stream.ReferencePipeline$3$1.accept(Unknown Source)
	at java.base/java.util.stream.ReferencePipeline$2$1.accept(Unknown Source)
	at java.base/java.util.ArrayList$ArrayListSpliterator.forEachRemaining(Unknown Source)
	at java.base/java.util.stream.AbstractPipeline.copyInto(Unknown Source)
	at java.base/java.util.stream.AbstractPipeline.wrapAndCopyInto(Unknown Source)
	at java.base/java.util.stream.ReduceOps$ReduceOp.evaluateSequential(Unknown Source)
	at java.base/java.util.stream.AbstractPipeline.evaluate(Unknown Source)
	at java.base/java.util.stream.ReferencePipeline.collect(Unknown Source)
	at com.thoughtworks.go.plugin.access.common.settings.PluginSettingsMetadataLoader.findSettingsAndViewOfAllExtensionsIn(PluginSettingsMetadataLoader.java:89)
	at com.thoughtworks.go.plugin.access.common.settings.PluginSettingsMetadataLoader.fetchPluginSettingsMetaData(PluginSettingsMetadataLoader.java:59)
	at com.thoughtworks.go.plugin.access.common.settings.PluginSettingsMetadataLoader.pluginLoaded(PluginSettingsMetadataLoader.java:49)
	at com.thoughtworks.go.plugin.infra.PluginLoader.lambda$doPostBundleInstallActivities$0(PluginLoader.java:113)
	at org.apache.commons.collections4.IteratorUtils.forEach(IteratorUtils.java:1224)
	at org.apache.commons.collections4.IterableUtils.forEach(IterableUtils.java:585)
	at com.thoughtworks.go.plugin.infra.PluginLoader.lambda$doPostBundleInstallActivities$1(PluginLoader.java:113)
	at org.apache.commons.collections4.IteratorUtils.forEach(IteratorUtils.java:1224)
	at org.apache.commons.collections4.IterableUtils.forEach(IterableUtils.java:585)
	at com.thoughtworks.go.plugin.infra.PluginLoader.doPostBundleInstallActivities(PluginLoader.java:112)
	at com.thoughtworks.go.plugin.infra.PluginLoader.loadPlugin(PluginLoader.java:70)
	at com.thoughtworks.go.plugin.infra.listeners.DefaultPluginJarChangeListener.refreshBundle(DefaultPluginJarChangeListener.java:180)
	at com.thoughtworks.go.plugin.infra.listeners.DefaultPluginJarChangeListener.addPlugin(DefaultPluginJarChangeListener.java:123)
	at com.thoughtworks.go.plugin.infra.listeners.DefaultPluginJarChangeListener.pluginJarAdded(DefaultPluginJarChangeListener.java:72)
	at com.thoughtworks.go.plugin.infra.monitor.DefaultPluginJarLocationMonitor$PluginLocationMonitorThread$DoOnAllListeners.lambda$pluginJarAdded$0(DefaultPluginJarLocationMonitor.java:237)
	at com.thoughtworks.go.plugin.infra.monitor.DefaultPluginJarLocationMonitor$PluginLocationMonitorThread$DoOnAllListeners.doOnAllPluginJarChangeListener(DefaultPluginJarLocationMonitor.java:258)
	at com.thoughtworks.go.plugin.infra.monitor.DefaultPluginJarLocationMonitor$PluginLocationMonitorThread$DoOnAllListeners.pluginJarAdded(DefaultPluginJarLocationMonitor.java:237)
	at com.thoughtworks.go.plugin.infra.monitor.PluginChangeNotifier.lambda$notify$0(PluginChangeNotifier.java:33)
	at java.base/java.lang.Iterable.forEach(Unknown Source)
	at com.thoughtworks.go.plugin.infra.monitor.PluginChangeNotifier.notify(PluginChangeNotifier.java:30)
	at com.thoughtworks.go.plugin.infra.monitor.DefaultPluginJarLocationMonitor$PluginLocationMonitorThread.loadAndNotifyPluginsFrom(DefaultPluginJarLocationMonitor.java:204)
	at com.thoughtworks.go.plugin.infra.monitor.DefaultPluginJarLocationMonitor$PluginLocationMonitorThread.oneShot(DefaultPluginJarLocationMonitor.java:191)
	at com.thoughtworks.go.plugin.infra.monitor.DefaultPluginJarLocationMonitor$PluginLocationMonitorThread.run(DefaultPluginJarLocationMonitor.java:177)
